  [1m[35m (11.4ms)[0m  [1m[35mCREATE TABLE "schema_migrations" ("version" character varying PRIMARY KEY)[0m
  [1m[35m (12.9ms)[0m  [1m[35mCREATE TABLE "ar_internal_metadata" ("key" character varying PRIMARY KEY, "value" character varying, "created_at" timestamp NOT NULL, "updated_at" timestamp NOT NULL)[0m
  [1m[35m (0.3ms)[0m  [1m[34mSELECT pg_try_advisory_lock(6929235435952734450);[0m
  [1m[36mActiveRecord::SchemaMigration Load (0.3ms)[0m  [1m[34mSELECT "schema_migrations".* FROM "schema_migrations"[0m
Migrating to CreateUsers (20170110181235)
  [1m[35m (0.2ms)[0m  [1m[35mBEGIN[0m
  [1m[35m (11.2ms)[0m  [1m[35mCREATE TABLE "users" ("id" serial primary key, "username" character varying, "password_digest" character varying, "session_token" character varying, "email" character varying, "address" character varying, "city" character varying, "state" character varying, "zip" integer, "status" character varying, "age" integer, "sex" character varying, "profile" text, "created_at" timestamp NOT NULL, "updated_at" timestamp NOT NULL)[0m
  [1m[35m (3.6ms)[0m  [1m[35mCREATE  INDEX  "index_users_on_username" ON "users"  ("username")[0m
  [1m[35m (3.5ms)[0m  [1m[35mCREATE  INDEX  "index_users_on_session_token" ON "users"  ("session_token")[0m
  [1m[35m (3.5ms)[0m  [1m[35mCREATE  INDEX  "index_users_on_email" ON "users"  ("email")[0m
  [1m[35mSQL (0.8ms)[0m  [1m[32mINSERT INTO "schema_migrations" ("version") VALUES ($1) RETURNING "version"[0m  [["version", "20170110181235"]]
  [1m[35m (1.8ms)[0m  [1m[35mCOMMIT[0m
Migrating to CreateCats (20170110181445)
  [1m[35m (0.3ms)[0m  [1m[35mBEGIN[0m
  [1m[35m (11.3ms)[0m  [1m[35mCREATE TABLE "cats" ("id" serial primary key, "user_id" integer, "name" character varying, "description" text, "created_at" timestamp NOT NULL, "updated_at" timestamp NOT NULL)[0m
  [1m[35m (5.1ms)[0m  [1m[35mCREATE  INDEX  "index_cats_on_user_id" ON "cats"  ("user_id")[0m
  [1m[35mSQL (0.4ms)[0m  [1m[32mINSERT INTO "schema_migrations" ("version") VALUES ($1) RETURNING "version"[0m  [["version", "20170110181445"]]
  [1m[35m (2.4ms)[0m  [1m[35mCOMMIT[0m
Migrating to CreateBookings (20170110181505)
  [1m[35m (0.2ms)[0m  [1m[35mBEGIN[0m
  [1m[35m (6.5ms)[0m  [1m[35mCREATE TABLE "bookings" ("id" serial primary key, "cat_id" integer, "host_id" integer, "start" date, "end" date, "created_at" timestamp NOT NULL, "updated_at" timestamp NOT NULL)[0m
  [1m[35m (5.3ms)[0m  [1m[35mCREATE  INDEX  "index_bookings_on_cat_id" ON "bookings"  ("cat_id")[0m
  [1m[35m (4.9ms)[0m  [1m[35mCREATE  INDEX  "index_bookings_on_host_id" ON "bookings"  ("host_id")[0m
  [1m[35mSQL (0.5ms)[0m  [1m[32mINSERT INTO "schema_migrations" ("version") VALUES ($1) RETURNING "version"[0m  [["version", "20170110181505"]]
  [1m[35m (1.6ms)[0m  [1m[35mCOMMIT[0m
Migrating to CreateReviews (20170110181526)
  [1m[35m (0.3ms)[0m  [1m[35mBEGIN[0m
  [1m[35m (8.0ms)[0m  [1m[35mCREATE TABLE "reviews" ("id" serial primary key, "user_id" integer, "host_id" integer, "rating" integer, "review" text, "created_at" timestamp NOT NULL, "updated_at" timestamp NOT NULL)[0m
  [1m[35m (2.8ms)[0m  [1m[35mCREATE  INDEX  "index_reviews_on_user_id" ON "reviews"  ("user_id")[0m
  [1m[35m (3.5ms)[0m  [1m[35mCREATE  INDEX  "index_reviews_on_host_id" ON "reviews"  ("host_id")[0m
  [1m[35mSQL (0.3ms)[0m  [1m[32mINSERT INTO "schema_migrations" ("version") VALUES ($1) RETURNING "version"[0m  [["version", "20170110181526"]]
  [1m[35m (1.3ms)[0m  [1m[35mCOMMIT[0m
  [1m[36mActiveRecord::InternalMetadata Load (0.3ms)[0m  [1m[34mSELECT  "ar_internal_metadata".* FROM "ar_internal_metadata" WHERE "ar_internal_metadata"."key" = $1 LIMIT $2[0m  [["key", :environment], ["LIMIT", 1]]
  [1m[35m (0.2ms)[0m  [1m[35mBEGIN[0m
  [1m[35mSQL (0.3ms)[0m  [1m[32mINSERT INTO "ar_internal_metadata" ("key", "value", "created_at", "updated_at") VALUES ($1, $2, $3, $4) RETURNING "key"[0m  [["key", "environment"], ["value", "development"], ["created_at", 2017-01-10 18:19:38 UTC], ["updated_at", 2017-01-10 18:19:38 UTC]]
  [1m[35m (1.2ms)[0m  [1m[35mCOMMIT[0m
  [1m[35m (0.2ms)[0m  [1m[34mSELECT pg_advisory_unlock(6929235435952734450)[0m
  [1m[36mActiveRecord::SchemaMigration Load (0.2ms)[0m  [1m[34mSELECT "schema_migrations".* FROM "schema_migrations"[0m
Started GET "/" for 127.0.0.1 at 2017-01-10 11:02:45 -0800
  [1m[36mActiveRecord::SchemaMigration Load (0.7ms)[0m  [1m[34mSELECT "schema_migrations".* FROM "schema_migrations"[0m
Processing by Rails::WelcomeController#index as HTML
  Parameters: {"internal"=>true}
  Rendering /home/michael/.rbenv/versions/2.3.1/lib/ruby/gems/2.3.0/gems/railties-5.0.1/lib/rails/templates/rails/welcome/index.html.erb
  Rendered /home/michael/.rbenv/versions/2.3.1/lib/ruby/gems/2.3.0/gems/railties-5.0.1/lib/rails/templates/rails/welcome/index.html.erb (3.1ms)
Completed 200 OK in 8ms (Views: 6.5ms | ActiveRecord: 0.0ms)


Started GET "/" for 127.0.0.1 at 2017-01-10 11:02:51 -0800
Processing by Rails::WelcomeController#index as HTML
  Parameters: {"internal"=>true}
  Rendering /home/michael/.rbenv/versions/2.3.1/lib/ruby/gems/2.3.0/gems/railties-5.0.1/lib/rails/templates/rails/welcome/index.html.erb
  Rendered /home/michael/.rbenv/versions/2.3.1/lib/ruby/gems/2.3.0/gems/railties-5.0.1/lib/rails/templates/rails/welcome/index.html.erb (2.5ms)
Completed 200 OK in 4ms (Views: 3.4ms | ActiveRecord: 0.0ms)


Started GET "/" for 127.0.0.1 at 2017-01-10 11:03:38 -0800
Processing by StaticPagesController#root as HTML
  Rendering static_pages/root.html.erb within layouts/application
  [1m[36mUser Load (1.0ms)[0m  [1m[34mSELECT  "users".* FROM "users" WHERE "users"."session_token" IS NULL LIMIT $1[0m  [["LIMIT", 1]]
  Rendered static_pages/root.html.erb within layouts/application (22.3ms)
Completed 200 OK in 907ms (Views: 904.5ms | ActiveRecord: 2.1ms)


Started POST "/api/users" for 127.0.0.1 at 2017-01-10 11:04:01 -0800

AbstractController::ActionNotFound - The action 'create' could not be found for Api::UsersController:
  actionpack (5.0.1) lib/abstract_controller/base.rb:121:in `process'
  actionview (5.0.1) lib/action_view/rendering.rb:30:in `process'
  actionpack (5.0.1) lib/action_controller/metal.rb:190:in `dispatch'
  actionpack (5.0.1) lib/action_controller/metal.rb:262:in `dispatch'
  actionpack (5.0.1) lib/action_dispatch/routing/route_set.rb:50:in `dispatch'
  actionpack (5.0.1) lib/action_dispatch/routing/route_set.rb:32:in `serve'
  actionpack (5.0.1) lib/action_dispatch/journey/router.rb:39:in `block in serve'
  actionpack (5.0.1) lib/action_dispatch/journey/router.rb:26:in `each'
  actionpack (5.0.1) lib/action_dispatch/journey/router.rb:26:in `serve'
  actionpack (5.0.1) lib/action_dispatch/routing/route_set.rb:725:in `call'
  rack (2.0.1) lib/rack/etag.rb:25:in `call'
  rack (2.0.1) lib/rack/conditional_get.rb:38:in `call'
  rack (2.0.1) lib/rack/head.rb:12:in `call'
  rack (2.0.1) lib/rack/session/abstract/id.rb:222:in `context'
  rack (2.0.1) lib/rack/session/abstract/id.rb:216:in `call'
  actionpack (5.0.1) lib/action_dispatch/middleware/cookies.rb:613:in `call'
  activerecord (5.0.1) lib/active_record/migration.rb:553:in `call'
  actionpack (5.0.1) lib/action_dispatch/middleware/callbacks.rb:38:in `block in call'
  activesupport (5.0.1) lib/active_support/callbacks.rb:97:in `__run_callbacks__'
  activesupport (5.0.1) lib/active_support/callbacks.rb:750:in `_run_call_callbacks'
  activesupport (5.0.1) lib/active_support/callbacks.rb:90:in `run_callbacks'
  actionpack (5.0.1) lib/action_dispatch/middleware/callbacks.rb:36:in `call'
  actionpack (5.0.1) lib/action_dispatch/middleware/executor.rb:12:in `call'
  actionpack (5.0.1) lib/action_dispatch/middleware/remote_ip.rb:79:in `call'
  better_errors (2.1.1) lib/better_errors/middleware.rb:84:in `protected_app_call'
  better_errors (2.1.1) lib/better_errors/middleware.rb:79:in `better_errors_call'
  better_errors (2.1.1) lib/better_errors/middleware.rb:57:in `call'
  actionpack (5.0.1) lib/action_dispatch/middleware/debug_exceptions.rb:49:in `call'
  web-console (3.4.0) lib/web_console/middleware.rb:135:in `call_app'
  web-console (3.4.0) lib/web_console/middleware.rb:28:in `block in call'
  web-console (3.4.0) lib/web_console/middleware.rb:18:in `catch'
  web-console (3.4.0) lib/web_console/middleware.rb:18:in `call'
  actionpack (5.0.1) lib/action_dispatch/middleware/show_exceptions.rb:31:in `call'
  railties (5.0.1) lib/rails/rack/logger.rb:36:in `call_app'
  railties (5.0.1) lib/rails/rack/logger.rb:24:in `block in call'
  activesupport (5.0.1) lib/active_support/tagged_logging.rb:69:in `block in tagged'
  activesupport (5.0.1) lib/active_support/tagged_logging.rb:26:in `tagged'
  activesupport (5.0.1) lib/active_support/tagged_logging.rb:69:in `tagged'
  railties (5.0.1) lib/rails/rack/logger.rb:24:in `call'
  sprockets-rails (3.2.0) lib/sprockets/rails/quiet_assets.rb:13:in `call'
  actionpack (5.0.1) lib/action_dispatch/middleware/request_id.rb:24:in `call'
  rack (2.0.1) lib/rack/method_override.rb:22:in `call'
  rack (2.0.1) lib/rack/runtime.rb:22:in `call'
  activesupport (5.0.1) lib/active_support/cache/strategy/local_cache_middleware.rb:28:in `call'
  actionpack (5.0.1) lib/action_dispatch/middleware/executor.rb:12:in `call'
  actionpack (5.0.1) lib/action_dispatch/middleware/static.rb:136:in `call'
  rack (2.0.1) lib/rack/sendfile.rb:111:in `call'
  railties (5.0.1) lib/rails/engine.rb:522:in `call'
  puma (3.6.2) lib/puma/configuration.rb:225:in `call'
  puma (3.6.2) lib/puma/server.rb:578:in `handle_request'
  puma (3.6.2) lib/puma/server.rb:415:in `process_client'
  puma (3.6.2) lib/puma/server.rb:275:in `block in run'
  puma (3.6.2) lib/puma/thread_pool.rb:116:in `block in spawn_thread'

Started POST "/api/users" for 127.0.0.1 at 2017-01-10 11:04:05 -0800

AbstractController::ActionNotFound - The action 'create' could not be found for Api::UsersController:
  actionpack (5.0.1) lib/abstract_controller/base.rb:121:in `process'
  actionview (5.0.1) lib/action_view/rendering.rb:30:in `process'
  actionpack (5.0.1) lib/action_controller/metal.rb:190:in `dispatch'
  actionpack (5.0.1) lib/action_controller/metal.rb:262:in `dispatch'
  actionpack (5.0.1) lib/action_dispatch/routing/route_set.rb:50:in `dispatch'
  actionpack (5.0.1) lib/action_dispatch/routing/route_set.rb:32:in `serve'
  actionpack (5.0.1) lib/action_dispatch/journey/router.rb:39:in `block in serve'
  actionpack (5.0.1) lib/action_dispatch/journey/router.rb:26:in `each'
  actionpack (5.0.1) lib/action_dispatch/journey/router.rb:26:in `serve'
  actionpack (5.0.1) lib/action_dispatch/routing/route_set.rb:725:in `call'
  rack (2.0.1) lib/rack/etag.rb:25:in `call'
  rack (2.0.1) lib/rack/conditional_get.rb:38:in `call'
  rack (2.0.1) lib/rack/head.rb:12:in `call'
  rack (2.0.1) lib/rack/session/abstract/id.rb:222:in `context'
  rack (2.0.1) lib/rack/session/abstract/id.rb:216:in `call'
  actionpack (5.0.1) lib/action_dispatch/middleware/cookies.rb:613:in `call'
  activerecord (5.0.1) lib/active_record/migration.rb:553:in `call'
  actionpack (5.0.1) lib/action_dispatch/middleware/callbacks.rb:38:in `block in call'
  activesupport (5.0.1) lib/active_support/callbacks.rb:97:in `__run_callbacks__'
  activesupport (5.0.1) lib/active_support/callbacks.rb:750:in `_run_call_callbacks'
  activesupport (5.0.1) lib/active_support/callbacks.rb:90:in `run_callbacks'
  actionpack (5.0.1) lib/action_dispatch/middleware/callbacks.rb:36:in `call'
  actionpack (5.0.1) lib/action_dispatch/middleware/executor.rb:12:in `call'
  actionpack (5.0.1) lib/action_dispatch/middleware/remote_ip.rb:79:in `call'
  better_errors (2.1.1) lib/better_errors/middleware.rb:84:in `protected_app_call'
  better_errors (2.1.1) lib/better_errors/middleware.rb:79:in `better_errors_call'
  better_errors (2.1.1) lib/better_errors/middleware.rb:57:in `call'
  actionpack (5.0.1) lib/action_dispatch/middleware/debug_exceptions.rb:49:in `call'
  web-console (3.4.0) lib/web_console/middleware.rb:135:in `call_app'
  web-console (3.4.0) lib/web_console/middleware.rb:28:in `block in call'
  web-console (3.4.0) lib/web_console/middleware.rb:18:in `catch'
  web-console (3.4.0) lib/web_console/middleware.rb:18:in `call'
  actionpack (5.0.1) lib/action_dispatch/middleware/show_exceptions.rb:31:in `call'
  railties (5.0.1) lib/rails/rack/logger.rb:36:in `call_app'
  railties (5.0.1) lib/rails/rack/logger.rb:24:in `block in call'
  activesupport (5.0.1) lib/active_support/tagged_logging.rb:69:in `block in tagged'
  activesupport (5.0.1) lib/active_support/tagged_logging.rb:26:in `tagged'
  activesupport (5.0.1) lib/active_support/tagged_logging.rb:69:in `tagged'
  railties (5.0.1) lib/rails/rack/logger.rb:24:in `call'
  sprockets-rails (3.2.0) lib/sprockets/rails/quiet_assets.rb:13:in `call'
  actionpack (5.0.1) lib/action_dispatch/middleware/request_id.rb:24:in `call'
  rack (2.0.1) lib/rack/method_override.rb:22:in `call'
  rack (2.0.1) lib/rack/runtime.rb:22:in `call'
  activesupport (5.0.1) lib/active_support/cache/strategy/local_cache_middleware.rb:28:in `call'
  actionpack (5.0.1) lib/action_dispatch/middleware/executor.rb:12:in `call'
  actionpack (5.0.1) lib/action_dispatch/middleware/static.rb:136:in `call'
  rack (2.0.1) lib/rack/sendfile.rb:111:in `call'
  railties (5.0.1) lib/rails/engine.rb:522:in `call'
  puma (3.6.2) lib/puma/configuration.rb:225:in `call'
  puma (3.6.2) lib/puma/server.rb:578:in `handle_request'
  puma (3.6.2) lib/puma/server.rb:415:in `process_client'
  puma (3.6.2) lib/puma/server.rb:275:in `block in run'
  puma (3.6.2) lib/puma/thread_pool.rb:116:in `block in spawn_thread'

Started GET "/" for 127.0.0.1 at 2017-01-10 11:04:08 -0800
Processing by StaticPagesController#root as HTML
  Rendering static_pages/root.html.erb within layouts/application
  [1m[36mUser Load (0.8ms)[0m  [1m[34mSELECT  "users".* FROM "users" WHERE "users"."session_token" IS NULL LIMIT $1[0m  [["LIMIT", 1]]
  Rendered static_pages/root.html.erb within layouts/application (3.7ms)
Completed 200 OK in 25ms (Views: 23.8ms | ActiveRecord: 0.8ms)


Started POST "/api/users" for 127.0.0.1 at 2017-01-10 11:04:15 -0800

AbstractController::ActionNotFound - The action 'create' could not be found for Api::UsersController:
  actionpack (5.0.1) lib/abstract_controller/base.rb:121:in `process'
  actionview (5.0.1) lib/action_view/rendering.rb:30:in `process'
  actionpack (5.0.1) lib/action_controller/metal.rb:190:in `dispatch'
  actionpack (5.0.1) lib/action_controller/metal.rb:262:in `dispatch'
  actionpack (5.0.1) lib/action_dispatch/routing/route_set.rb:50:in `dispatch'
  actionpack (5.0.1) lib/action_dispatch/routing/route_set.rb:32:in `serve'
  actionpack (5.0.1) lib/action_dispatch/journey/router.rb:39:in `block in serve'
  actionpack (5.0.1) lib/action_dispatch/journey/router.rb:26:in `each'
  actionpack (5.0.1) lib/action_dispatch/journey/router.rb:26:in `serve'
  actionpack (5.0.1) lib/action_dispatch/routing/route_set.rb:725:in `call'
  rack (2.0.1) lib/rack/etag.rb:25:in `call'
  rack (2.0.1) lib/rack/conditional_get.rb:38:in `call'
  rack (2.0.1) lib/rack/head.rb:12:in `call'
  rack (2.0.1) lib/rack/session/abstract/id.rb:222:in `context'
  rack (2.0.1) lib/rack/session/abstract/id.rb:216:in `call'
  actionpack (5.0.1) lib/action_dispatch/middleware/cookies.rb:613:in `call'
  activerecord (5.0.1) lib/active_record/migration.rb:553:in `call'
  actionpack (5.0.1) lib/action_dispatch/middleware/callbacks.rb:38:in `block in call'
  activesupport (5.0.1) lib/active_support/callbacks.rb:97:in `__run_callbacks__'
  activesupport (5.0.1) lib/active_support/callbacks.rb:750:in `_run_call_callbacks'
  activesupport (5.0.1) lib/active_support/callbacks.rb:90:in `run_callbacks'
  actionpack (5.0.1) lib/action_dispatch/middleware/callbacks.rb:36:in `call'
  actionpack (5.0.1) lib/action_dispatch/middleware/executor.rb:12:in `call'
  actionpack (5.0.1) lib/action_dispatch/middleware/remote_ip.rb:79:in `call'
  better_errors (2.1.1) lib/better_errors/middleware.rb:84:in `protected_app_call'
  better_errors (2.1.1) lib/better_errors/middleware.rb:79:in `better_errors_call'
  better_errors (2.1.1) lib/better_errors/middleware.rb:57:in `call'
  actionpack (5.0.1) lib/action_dispatch/middleware/debug_exceptions.rb:49:in `call'
  web-console (3.4.0) lib/web_console/middleware.rb:135:in `call_app'
  web-console (3.4.0) lib/web_console/middleware.rb:28:in `block in call'
  web-console (3.4.0) lib/web_console/middleware.rb:18:in `catch'
  web-console (3.4.0) lib/web_console/middleware.rb:18:in `call'
  actionpack (5.0.1) lib/action_dispatch/middleware/show_exceptions.rb:31:in `call'
  railties (5.0.1) lib/rails/rack/logger.rb:36:in `call_app'
  railties (5.0.1) lib/rails/rack/logger.rb:24:in `block in call'
  activesupport (5.0.1) lib/active_support/tagged_logging.rb:69:in `block in tagged'
  activesupport (5.0.1) lib/active_support/tagged_logging.rb:26:in `tagged'
  activesupport (5.0.1) lib/active_support/tagged_logging.rb:69:in `tagged'
  railties (5.0.1) lib/rails/rack/logger.rb:24:in `call'
  sprockets-rails (3.2.0) lib/sprockets/rails/quiet_assets.rb:13:in `call'
  actionpack (5.0.1) lib/action_dispatch/middleware/request_id.rb:24:in `call'
  rack (2.0.1) lib/rack/method_override.rb:22:in `call'
  rack (2.0.1) lib/rack/runtime.rb:22:in `call'
  activesupport (5.0.1) lib/active_support/cache/strategy/local_cache_middleware.rb:28:in `call'
  actionpack (5.0.1) lib/action_dispatch/middleware/executor.rb:12:in `call'
  actionpack (5.0.1) lib/action_dispatch/middleware/static.rb:136:in `call'
  rack (2.0.1) lib/rack/sendfile.rb:111:in `call'
  railties (5.0.1) lib/rails/engine.rb:522:in `call'
  puma (3.6.2) lib/puma/configuration.rb:225:in `call'
  puma (3.6.2) lib/puma/server.rb:578:in `handle_request'
  puma (3.6.2) lib/puma/server.rb:415:in `process_client'
  puma (3.6.2) lib/puma/server.rb:275:in `block in run'
  puma (3.6.2) lib/puma/thread_pool.rb:116:in `block in spawn_thread'

  [1m[36mActiveRecord::SchemaMigration Load (0.4ms)[0m  [1m[34mSELECT "schema_migrations".* FROM "schema_migrations"[0m
  [1m[35m (0.3ms)[0m  [1m[34mSELECT "ar_internal_metadata"."value" FROM "ar_internal_metadata" WHERE "ar_internal_metadata"."key" = $1[0m  [["key", :environment]]
  [1m[36mActiveRecord::SchemaMigration Load (0.2ms)[0m  [1m[34mSELECT "schema_migrations".* FROM "schema_migrations"[0m
  [1m[35m (0.2ms)[0m  [1m[34mSELECT "ar_internal_metadata"."value" FROM "ar_internal_metadata" WHERE "ar_internal_metadata"."key" = $1[0m  [["key", :environment]]
  [1m[36mActiveRecord::SchemaMigration Load (0.3ms)[0m  [1m[34mSELECT "schema_migrations".* FROM "schema_migrations"[0m
  [1m[35m (0.2ms)[0m  [1m[34mSELECT "ar_internal_metadata"."value" FROM "ar_internal_metadata" WHERE "ar_internal_metadata"."key" = $1[0m  [["key", :environment]]
  [1m[35m (5016.4ms)[0m  [1m[35mDROP DATABASE IF EXISTS "CatSurfing_development"[0m
  [1m[36mActiveRecord::SchemaMigration Load (0.3ms)[0m  [1m[34mSELECT "schema_migrations".* FROM "schema_migrations"[0m
  [1m[35m (0.2ms)[0m  [1m[34mSELECT "ar_internal_metadata"."value" FROM "ar_internal_metadata" WHERE "ar_internal_metadata"."key" = $1[0m  [["key", :environment]]
  [1m[36mActiveRecord::SchemaMigration Load (0.1ms)[0m  [1m[34mSELECT "schema_migrations".* FROM "schema_migrations"[0m
  [1m[35m (0.1ms)[0m  [1m[34mSELECT "ar_internal_metadata"."value" FROM "ar_internal_metadata" WHERE "ar_internal_metadata"."key" = $1[0m  [["key", :environment]]
  [1m[36mActiveRecord::SchemaMigration Load (0.1ms)[0m  [1m[34mSELECT "schema_migrations".* FROM "schema_migrations"[0m
  [1m[35m (0.1ms)[0m  [1m[34mSELECT "ar_internal_metadata"."value" FROM "ar_internal_metadata" WHERE "ar_internal_metadata"."key" = $1[0m  [["key", :environment]]
  [1m[35m (5016.4ms)[0m  [1m[35mDROP DATABASE IF EXISTS "CatSurfing_development"[0m
  [1m[36mActiveRecord::SchemaMigration Load (0.4ms)[0m  [1m[34mSELECT "schema_migrations".* FROM "schema_migrations"[0m
  [1m[35m (0.3ms)[0m  [1m[34mSELECT "ar_internal_metadata"."value" FROM "ar_internal_metadata" WHERE "ar_internal_metadata"."key" = $1[0m  [["key", :environment]]
  [1m[36mActiveRecord::SchemaMigration Load (0.1ms)[0m  [1m[34mSELECT "schema_migrations".* FROM "schema_migrations"[0m
  [1m[35m (0.1ms)[0m  [1m[34mSELECT "ar_internal_metadata"."value" FROM "ar_internal_metadata" WHERE "ar_internal_metadata"."key" = $1[0m  [["key", :environment]]
  [1m[36mActiveRecord::SchemaMigration Load (0.2ms)[0m  [1m[34mSELECT "schema_migrations".* FROM "schema_migrations"[0m
  [1m[35m (0.2ms)[0m  [1m[34mSELECT "ar_internal_metadata"."value" FROM "ar_internal_metadata" WHERE "ar_internal_metadata"."key" = $1[0m  [["key", :environment]]
  [1m[35m (112.8ms)[0m  [1m[35mDROP DATABASE IF EXISTS "CatSurfing_development"[0m
  [1m[35m (111.6ms)[0m  [1m[35mDROP DATABASE IF EXISTS "CatSurfing_test"[0m
  [1m[35m (250.1ms)[0m  [1m[35mCREATE DATABASE "CatSurfing_development" ENCODING = 'unicode'[0m
  [1m[35m (257.1ms)[0m  [1m[35mCREATE DATABASE "CatSurfing_test" ENCODING = 'unicode'[0m
  [1m[35mSQL (0.9ms)[0m  [1m[35mCREATE EXTENSION IF NOT EXISTS "plpgsql"[0m
  [1m[35m (14.1ms)[0m  [1m[35mCREATE TABLE "bookings" ("id" serial primary key, "cat_id" integer, "host_id" integer, "start" date, "end" date, "created_at" timestamp NOT NULL, "updated_at" timestamp NOT NULL)[0m
  [1m[35m (8.0ms)[0m  [1m[35mCREATE  INDEX  "index_bookings_on_cat_id" ON "bookings" USING btree ("cat_id")[0m
  [1m[35m (5.8ms)[0m  [1m[35mCREATE  INDEX  "index_bookings_on_host_id" ON "bookings" USING btree ("host_id")[0m
  [1m[35m (13.6ms)[0m  [1m[35mCREATE TABLE "cats" ("id" serial primary key, "user_id" integer, "name" character varying, "description" text, "created_at" timestamp NOT NULL, "updated_at" timestamp NOT NULL)[0m
  [1m[35m (5.4ms)[0m  [1m[35mCREATE  INDEX  "index_cats_on_user_id" ON "cats" USING btree ("user_id")[0m
  [1m[35m (15.5ms)[0m  [1m[35mCREATE TABLE "reviews" ("id" serial primary key, "user_id" integer, "host_id" integer, "rating" integer, "review" text, "created_at" timestamp NOT NULL, "updated_at" timestamp NOT NULL)[0m
  [1m[35m (7.9ms)[0m  [1m[35mCREATE  INDEX  "index_reviews_on_host_id" ON "reviews" USING btree ("host_id")[0m
  [1m[35m (7.8ms)[0m  [1m[35mCREATE  INDEX  "index_reviews_on_user_id" ON "reviews" USING btree ("user_id")[0m
  [1m[35m (14.9ms)[0m  [1m[35mCREATE TABLE "users" ("id" serial primary key, "username" character varying, "password_digest" character varying, "session_token" character varying, "email" character varying, "address" character varying, "city" character varying, "state" character varying, "zip" integer, "status" character varying, "age" integer, "sex" character varying, "profile" text, "created_at" timestamp NOT NULL, "updated_at" timestamp NOT NULL)[0m
  [1m[35m (10.4ms)[0m  [1m[35mCREATE  INDEX  "index_users_on_email" ON "users" USING btree ("email")[0m
  [1m[35m (8.2ms)[0m  [1m[35mCREATE  INDEX  "index_users_on_session_token" ON "users" USING btree ("session_token")[0m
  [1m[35m (7.9ms)[0m  [1m[35mCREATE  INDEX  "index_users_on_username" ON "users" USING btree ("username")[0m
  [1m[35m (13.0ms)[0m  [1m[35mCREATE TABLE "schema_migrations" ("version" character varying PRIMARY KEY)[0m
  [1m[35m (0.9ms)[0m  [1m[34mSELECT version FROM "schema_migrations"[0m
  [1m[35m (2.1ms)[0m  [1m[32mINSERT INTO "schema_migrations" (version) VALUES ('20170110181526')[0m
  [1m[35m (2.1ms)[0m  [1m[32mINSERT INTO schema_migrations (version) VALUES
('20170110181505'),
('20170110181235'),
('20170110181445');

[0m
  [1m[35m (11.9ms)[0m  [1m[35mCREATE TABLE "ar_internal_metadata" ("key" character varying PRIMARY KEY, "value" character varying, "created_at" timestamp NOT NULL, "updated_at" timestamp NOT NULL)[0m
  [1m[36mActiveRecord::InternalMetadata Load (0.9ms)[0m  [1m[34mSELECT  "ar_internal_metadata".* FROM "ar_internal_metadata" WHERE "ar_internal_metadata"."key" = $1 LIMIT $2[0m  [["key", :environment], ["LIMIT", 1]]
  [1m[35m (0.4ms)[0m  [1m[35mBEGIN[0m
  [1m[35mSQL (0.8ms)[0m  [1m[32mINSERT INTO "ar_internal_metadata" ("key", "value", "created_at", "updated_at") VALUES ($1, $2, $3, $4) RETURNING "key"[0m  [["key", "environment"], ["value", "development"], ["created_at", 2017-01-10 19:08:21 UTC], ["updated_at", 2017-01-10 19:08:21 UTC]]
  [1m[35m (1.7ms)[0m  [1m[35mCOMMIT[0m
  [1m[36mActiveRecord::InternalMetadata Load (0.5ms)[0m  [1m[34mSELECT  "ar_internal_metadata".* FROM "ar_internal_metadata" WHERE "ar_internal_metadata"."key" = $1 LIMIT $2[0m  [["key", :environment], ["LIMIT", 1]]
  [1m[35m (0.4ms)[0m  [1m[35mBEGIN[0m
  [1m[35m (0.3ms)[0m  [1m[35mCOMMIT[0m
  [1m[35mSQL (0.4ms)[0m  [1m[35mCREATE EXTENSION IF NOT EXISTS "plpgsql"[0m
  [1m[35m (9.2ms)[0m  [1m[35mCREATE TABLE "bookings" ("id" serial primary key, "cat_id" integer, "host_id" integer, "start" date, "end" date, "created_at" timestamp NOT NULL, "updated_at" timestamp NOT NULL)[0m
  [1m[35m (6.9ms)[0m  [1m[35mCREATE  INDEX  "index_bookings_on_cat_id" ON "bookings" USING btree ("cat_id")[0m
  [1m[35m (5.1ms)[0m  [1m[35mCREATE  INDEX  "index_bookings_on_host_id" ON "bookings" USING btree ("host_id")[0m
  [1m[35m (8.5ms)[0m  [1m[35mCREATE TABLE "cats" ("id" serial primary key, "user_id" integer, "name" character varying, "description" text, "created_at" timestamp NOT NULL, "updated_at" timestamp NOT NULL)[0m
  [1m[35m (4.2ms)[0m  [1m[35mCREATE  INDEX  "index_cats_on_user_id" ON "cats" USING btree ("user_id")[0m
  [1m[35m (12.6ms)[0m  [1m[35mCREATE TABLE "reviews" ("id" serial primary key, "user_id" integer, "host_id" integer, "rating" integer, "review" text, "created_at" timestamp NOT NULL, "updated_at" timestamp NOT NULL)[0m
  [1m[35m (6.8ms)[0m  [1m[35mCREATE  INDEX  "index_reviews_on_host_id" ON "reviews" USING btree ("host_id")[0m
  [1m[35m (6.9ms)[0m  [1m[35mCREATE  INDEX  "index_reviews_on_user_id" ON "reviews" USING btree ("user_id")[0m
  [1m[35m (10.4ms)[0m  [1m[35mCREATE TABLE "users" ("id" serial primary key, "username" character varying, "password_digest" character varying, "session_token" character varying, "email" character varying, "address" character varying, "city" character varying, "state" character varying, "zip" integer, "status" character varying, "age" integer, "sex" character varying, "profile" text, "created_at" timestamp NOT NULL, "updated_at" timestamp NOT NULL)[0m
  [1m[35m (4.8ms)[0m  [1m[35mCREATE  INDEX  "index_users_on_email" ON "users" USING btree ("email")[0m
  [1m[35m (4.5ms)[0m  [1m[35mCREATE  INDEX  "index_users_on_session_token" ON "users" USING btree ("session_token")[0m
  [1m[35m (6.3ms)[0m  [1m[35mCREATE  INDEX  "index_users_on_username" ON "users" USING btree ("username")[0m
  [1m[35m (13.0ms)[0m  [1m[35mCREATE TABLE "schema_migrations" ("version" character varying PRIMARY KEY)[0m
  [1m[35m (0.9ms)[0m  [1m[34mSELECT version FROM "schema_migrations"[0m
  [1m[35m (2.9ms)[0m  [1m[32mINSERT INTO "schema_migrations" (version) VALUES ('20170110181526')[0m
  [1m[35m (2.7ms)[0m  [1m[32mINSERT INTO schema_migrations (version) VALUES
('20170110181505'),
('20170110181235'),
('20170110181445');

[0m
  [1m[35m (13.9ms)[0m  [1m[35mCREATE TABLE "ar_internal_metadata" ("key" character varying PRIMARY KEY, "value" character varying, "created_at" timestamp NOT NULL, "updated_at" timestamp NOT NULL)[0m
  [1m[36mActiveRecord::InternalMetadata Load (0.9ms)[0m  [1m[34mSELECT  "ar_internal_metadata".* FROM "ar_internal_metadata" WHERE "ar_internal_metadata"."key" = $1 LIMIT $2[0m  [["key", :environment], ["LIMIT", 1]]
  [1m[35m (0.3ms)[0m  [1m[35mBEGIN[0m
  [1m[35mSQL (0.8ms)[0m  [1m[32mINSERT INTO "ar_internal_metadata" ("key", "value", "created_at", "updated_at") VALUES ($1, $2, $3, $4) RETURNING "key"[0m  [["key", "environment"], ["value", "development"], ["created_at", 2017-01-10 19:08:21 UTC], ["updated_at", 2017-01-10 19:08:21 UTC]]
  [1m[35m (1.7ms)[0m  [1m[35mCOMMIT[0m
  [1m[36mActiveRecord::InternalMetadata Load (0.6ms)[0m  [1m[34mSELECT  "ar_internal_metadata".* FROM "ar_internal_metadata" WHERE "ar_internal_metadata"."key" = $1 LIMIT $2[0m  [["key", :environment], ["LIMIT", 1]]
  [1m[35m (0.3ms)[0m  [1m[35mBEGIN[0m
  [1m[35m (0.3ms)[0m  [1m[35mCOMMIT[0m
  [1m[36mActiveRecord::SchemaMigration Load (0.8ms)[0m  [1m[34mSELECT "schema_migrations".* FROM "schema_migrations"[0m
Started GET "/" for 127.0.0.1 at 2017-01-10 11:10:13 -0800
  [1m[36mActiveRecord::SchemaMigration Load (0.3ms)[0m  [1m[34mSELECT "schema_migrations".* FROM "schema_migrations"[0m
Processing by StaticPagesController#root as HTML
  Rendering static_pages/root.html.erb within layouts/application
  [1m[36mUser Load (0.4ms)[0m  [1m[34mSELECT  "users".* FROM "users" WHERE "users"."session_token" IS NULL LIMIT $1[0m  [["LIMIT", 1]]
  Rendered static_pages/root.html.erb within layouts/application (16.8ms)
Completed 200 OK in 602ms (Views: 600.8ms | ActiveRecord: 1.4ms)


Started POST "/api/users" for 127.0.0.1 at 2017-01-10 11:10:25 -0800

AbstractController::ActionNotFound - The action 'create' could not be found for Api::UsersController:
  actionpack (5.0.1) lib/abstract_controller/base.rb:121:in `process'
  actionview (5.0.1) lib/action_view/rendering.rb:30:in `process'
  actionpack (5.0.1) lib/action_controller/metal.rb:190:in `dispatch'
  actionpack (5.0.1) lib/action_controller/metal.rb:262:in `dispatch'
  actionpack (5.0.1) lib/action_dispatch/routing/route_set.rb:50:in `dispatch'
  actionpack (5.0.1) lib/action_dispatch/routing/route_set.rb:32:in `serve'
  actionpack (5.0.1) lib/action_dispatch/journey/router.rb:39:in `block in serve'
  actionpack (5.0.1) lib/action_dispatch/journey/router.rb:26:in `each'
  actionpack (5.0.1) lib/action_dispatch/journey/router.rb:26:in `serve'
  actionpack (5.0.1) lib/action_dispatch/routing/route_set.rb:725:in `call'
  rack (2.0.1) lib/rack/etag.rb:25:in `call'
  rack (2.0.1) lib/rack/conditional_get.rb:38:in `call'
  rack (2.0.1) lib/rack/head.rb:12:in `call'
  rack (2.0.1) lib/rack/session/abstract/id.rb:222:in `context'
  rack (2.0.1) lib/rack/session/abstract/id.rb:216:in `call'
  actionpack (5.0.1) lib/action_dispatch/middleware/cookies.rb:613:in `call'
  activerecord (5.0.1) lib/active_record/migration.rb:553:in `call'
  actionpack (5.0.1) lib/action_dispatch/middleware/callbacks.rb:38:in `block in call'
  activesupport (5.0.1) lib/active_support/callbacks.rb:97:in `__run_callbacks__'
  activesupport (5.0.1) lib/active_support/callbacks.rb:750:in `_run_call_callbacks'
  activesupport (5.0.1) lib/active_support/callbacks.rb:90:in `run_callbacks'
  actionpack (5.0.1) lib/action_dispatch/middleware/callbacks.rb:36:in `call'
  actionpack (5.0.1) lib/action_dispatch/middleware/executor.rb:12:in `call'
  actionpack (5.0.1) lib/action_dispatch/middleware/remote_ip.rb:79:in `call'
  better_errors (2.1.1) lib/better_errors/middleware.rb:84:in `protected_app_call'
  better_errors (2.1.1) lib/better_errors/middleware.rb:79:in `better_errors_call'
  better_errors (2.1.1) lib/better_errors/middleware.rb:57:in `call'
  actionpack (5.0.1) lib/action_dispatch/middleware/debug_exceptions.rb:49:in `call'
  web-console (3.4.0) lib/web_console/middleware.rb:135:in `call_app'
  web-console (3.4.0) lib/web_console/middleware.rb:28:in `block in call'
  web-console (3.4.0) lib/web_console/middleware.rb:18:in `catch'
  web-console (3.4.0) lib/web_console/middleware.rb:18:in `call'
  actionpack (5.0.1) lib/action_dispatch/middleware/show_exceptions.rb:31:in `call'
  railties (5.0.1) lib/rails/rack/logger.rb:36:in `call_app'
  railties (5.0.1) lib/rails/rack/logger.rb:24:in `block in call'
  activesupport (5.0.1) lib/active_support/tagged_logging.rb:69:in `block in tagged'
  activesupport (5.0.1) lib/active_support/tagged_logging.rb:26:in `tagged'
  activesupport (5.0.1) lib/active_support/tagged_logging.rb:69:in `tagged'
  railties (5.0.1) lib/rails/rack/logger.rb:24:in `call'
  sprockets-rails (3.2.0) lib/sprockets/rails/quiet_assets.rb:13:in `call'
  actionpack (5.0.1) lib/action_dispatch/middleware/request_id.rb:24:in `call'
  rack (2.0.1) lib/rack/method_override.rb:22:in `call'
  rack (2.0.1) lib/rack/runtime.rb:22:in `call'
  activesupport (5.0.1) lib/active_support/cache/strategy/local_cache_middleware.rb:28:in `call'
  actionpack (5.0.1) lib/action_dispatch/middleware/executor.rb:12:in `call'
  actionpack (5.0.1) lib/action_dispatch/middleware/static.rb:136:in `call'
  rack (2.0.1) lib/rack/sendfile.rb:111:in `call'
  railties (5.0.1) lib/rails/engine.rb:522:in `call'
  puma (3.6.2) lib/puma/configuration.rb:225:in `call'
  puma (3.6.2) lib/puma/server.rb:578:in `handle_request'
  puma (3.6.2) lib/puma/server.rb:415:in `process_client'
  puma (3.6.2) lib/puma/server.rb:275:in `block in run'
  puma (3.6.2) lib/puma/thread_pool.rb:116:in `block in spawn_thread'

  [1m[36mUser Load (0.8ms)[0m  [1m[34mSELECT "users".* FROM "users"[0m
Started POST "/api/session" for 127.0.0.1 at 2017-01-10 11:11:31 -0800
Processing by Api::SessionsController#create as JSON
  Parameters: {"user"=>{"username"=>"mike", "password"=>"[FILTERED]"}}
Completed 500 Internal Server Error in 22ms (ActiveRecord: 0.0ms)



NoMethodError - undefined method `find_by_credentials' for #<Class:0x0055fd6b85f2c8>
Did you mean?  find_in_batches:
  activerecord (5.0.1) lib/active_record/dynamic_matchers.rb:21:in `method_missing'
  app/controllers/api/sessions_controller.rb:3:in `create'
  actionpack (5.0.1) lib/action_controller/metal/basic_implicit_render.rb:4:in `send_action'
  actionpack (5.0.1) lib/abstract_controller/base.rb:188:in `process_action'
  actionpack (5.0.1) lib/action_controller/metal/rendering.rb:30:in `process_action'
  actionpack (5.0.1) lib/abstract_controller/callbacks.rb:20:in `block in process_action'
  activesupport (5.0.1) lib/active_support/callbacks.rb:126:in `call'
  activesupport (5.0.1) lib/active_support/callbacks.rb:506:in `block (2 levels) in compile'
  activesupport (5.0.1) lib/active_support/callbacks.rb:455:in `call'
  activesupport (5.0.1) lib/active_support/callbacks.rb:101:in `__run_callbacks__'
  activesupport (5.0.1) lib/active_support/callbacks.rb:750:in `_run_process_action_callbacks'
  activesupport (5.0.1) lib/active_support/callbacks.rb:90:in `run_callbacks'
  actionpack (5.0.1) lib/abstract_controller/callbacks.rb:19:in `process_action'
  actionpack (5.0.1) lib/action_controller/metal/rescue.rb:20:in `process_action'
  actionpack (5.0.1) lib/action_controller/metal/instrumentation.rb:32:in `block in process_action'
  activesupport (5.0.1) lib/active_support/notifications.rb:164:in `block in instrument'
  activesupport (5.0.1) lib/active_support/notifications/instrumenter.rb:21:in `instrument'
  activesupport (5.0.1) lib/active_support/notifications.rb:164:in `instrument'
  actionpack (5.0.1) lib/action_controller/metal/instrumentation.rb:30:in `process_action'
  actionpack (5.0.1) lib/action_controller/metal/params_wrapper.rb:248:in `process_action'
  activerecord (5.0.1) lib/active_record/railties/controller_runtime.rb:18:in `process_action'
  actionpack (5.0.1) lib/abstract_controller/base.rb:126:in `process'
  actionview (5.0.1) lib/action_view/rendering.rb:30:in `process'
  actionpack (5.0.1) lib/action_controller/metal.rb:190:in `dispatch'
  actionpack (5.0.1) lib/action_controller/metal.rb:262:in `dispatch'
  actionpack (5.0.1) lib/action_dispatch/routing/route_set.rb:50:in `dispatch'
  actionpack (5.0.1) lib/action_dispatch/routing/route_set.rb:32:in `serve'
  actionpack (5.0.1) lib/action_dispatch/journey/router.rb:39:in `block in serve'
  actionpack (5.0.1) lib/action_dispatch/journey/router.rb:26:in `each'
  actionpack (5.0.1) lib/action_dispatch/journey/router.rb:26:in `serve'
  actionpack (5.0.1) lib/action_dispatch/routing/route_set.rb:725:in `call'
  rack (2.0.1) lib/rack/etag.rb:25:in `call'
  rack (2.0.1) lib/rack/conditional_get.rb:38:in `call'
  rack (2.0.1) lib/rack/head.rb:12:in `call'
  rack (2.0.1) lib/rack/session/abstract/id.rb:222:in `context'
  rack (2.0.1) lib/rack/session/abstract/id.rb:216:in `call'
  actionpack (5.0.1) lib/action_dispatch/middleware/cookies.rb:613:in `call'
  activerecord (5.0.1) lib/active_record/migration.rb:553:in `call'
  actionpack (5.0.1) lib/action_dispatch/middleware/callbacks.rb:38:in `block in call'
  activesupport (5.0.1) lib/active_support/callbacks.rb:97:in `__run_callbacks__'
  activesupport (5.0.1) lib/active_support/callbacks.rb:750:in `_run_call_callbacks'
  activesupport (5.0.1) lib/active_support/callbacks.rb:90:in `run_callbacks'
  actionpack (5.0.1) lib/action_dispatch/middleware/callbacks.rb:36:in `call'
  actionpack (5.0.1) lib/action_dispatch/middleware/executor.rb:12:in `call'
  actionpack (5.0.1) lib/action_dispatch/middleware/remote_ip.rb:79:in `call'
  better_errors (2.1.1) lib/better_errors/middleware.rb:84:in `protected_app_call'
  better_errors (2.1.1) lib/better_errors/middleware.rb:79:in `better_errors_call'
  better_errors (2.1.1) lib/better_errors/middleware.rb:57:in `call'
  actionpack (5.0.1) lib/action_dispatch/middleware/debug_exceptions.rb:49:in `call'
  web-console (3.4.0) lib/web_console/middleware.rb:135:in `call_app'
  web-console (3.4.0) lib/web_console/middleware.rb:28:in `block in call'
  web-console (3.4.0) lib/web_console/middleware.rb:18:in `catch'
  web-console (3.4.0) lib/web_console/middleware.rb:18:in `call'
  actionpack (5.0.1) lib/action_dispatch/middleware/show_exceptions.rb:31:in `call'
  railties (5.0.1) lib/rails/rack/logger.rb:36:in `call_app'
  railties (5.0.1) lib/rails/rack/logger.rb:24:in `block in call'
  activesupport (5.0.1) lib/active_support/tagged_logging.rb:69:in `block in tagged'
  activesupport (5.0.1) lib/active_support/tagged_logging.rb:26:in `tagged'
  activesupport (5.0.1) lib/active_support/tagged_logging.rb:69:in `tagged'
  railties (5.0.1) lib/rails/rack/logger.rb:24:in `call'
  sprockets-rails (3.2.0) lib/sprockets/rails/quiet_assets.rb:13:in `call'
  actionpack (5.0.1) lib/action_dispatch/middleware/request_id.rb:24:in `call'
  rack (2.0.1) lib/rack/method_override.rb:22:in `call'
  rack (2.0.1) lib/rack/runtime.rb:22:in `call'
  activesupport (5.0.1) lib/active_support/cache/strategy/local_cache_middleware.rb:28:in `call'
  actionpack (5.0.1) lib/action_dispatch/middleware/executor.rb:12:in `call'
  actionpack (5.0.1) lib/action_dispatch/middleware/static.rb:136:in `call'
  rack (2.0.1) lib/rack/sendfile.rb:111:in `call'
  railties (5.0.1) lib/rails/engine.rb:522:in `call'
  puma (3.6.2) lib/puma/configuration.rb:225:in `call'
  puma (3.6.2) lib/puma/server.rb:578:in `handle_request'
  puma (3.6.2) lib/puma/server.rb:415:in `process_client'
  puma (3.6.2) lib/puma/server.rb:275:in `block in run'
  puma (3.6.2) lib/puma/thread_pool.rb:116:in `block in spawn_thread'

Started POST "/api/session" for 127.0.0.1 at 2017-01-10 11:11:39 -0800
Processing by Api::SessionsController#create as JSON
  Parameters: {"user"=>{"username"=>"mike", "password"=>"[FILTERED]"}}
Completed 500 Internal Server Error in 37ms (ActiveRecord: 0.0ms)



NoMethodError - undefined method `find_by_credentials' for #<Class:0x0055fd6b85f2c8>
Did you mean?  find_in_batches:
  activerecord (5.0.1) lib/active_record/dynamic_matchers.rb:21:in `method_missing'
  app/controllers/api/sessions_controller.rb:3:in `create'
  actionpack (5.0.1) lib/action_controller/metal/basic_implicit_render.rb:4:in `send_action'
  actionpack (5.0.1) lib/abstract_controller/base.rb:188:in `process_action'
  actionpack (5.0.1) lib/action_controller/metal/rendering.rb:30:in `process_action'
  actionpack (5.0.1) lib/abstract_controller/callbacks.rb:20:in `block in process_action'
  activesupport (5.0.1) lib/active_support/callbacks.rb:126:in `call'
  activesupport (5.0.1) lib/active_support/callbacks.rb:506:in `block (2 levels) in compile'
  activesupport (5.0.1) lib/active_support/callbacks.rb:455:in `call'
  activesupport (5.0.1) lib/active_support/callbacks.rb:101:in `__run_callbacks__'
  activesupport (5.0.1) lib/active_support/callbacks.rb:750:in `_run_process_action_callbacks'
  activesupport (5.0.1) lib/active_support/callbacks.rb:90:in `run_callbacks'
  actionpack (5.0.1) lib/abstract_controller/callbacks.rb:19:in `process_action'
  actionpack (5.0.1) lib/action_controller/metal/rescue.rb:20:in `process_action'
  actionpack (5.0.1) lib/action_controller/metal/instrumentation.rb:32:in `block in process_action'
  activesupport (5.0.1) lib/active_support/notifications.rb:164:in `block in instrument'
  activesupport (5.0.1) lib/active_support/notifications/instrumenter.rb:21:in `instrument'
  activesupport (5.0.1) lib/active_support/notifications.rb:164:in `instrument'
  actionpack (5.0.1) lib/action_controller/metal/instrumentation.rb:30:in `process_action'
  actionpack (5.0.1) lib/action_controller/metal/params_wrapper.rb:248:in `process_action'
  activerecord (5.0.1) lib/active_record/railties/controller_runtime.rb:18:in `process_action'
  actionpack (5.0.1) lib/abstract_controller/base.rb:126:in `process'
  actionview (5.0.1) lib/action_view/rendering.rb:30:in `process'
  actionpack (5.0.1) lib/action_controller/metal.rb:190:in `dispatch'
  actionpack (5.0.1) lib/action_controller/metal.rb:262:in `dispatch'
  actionpack (5.0.1) lib/action_dispatch/routing/route_set.rb:50:in `dispatch'
  actionpack (5.0.1) lib/action_dispatch/routing/route_set.rb:32:in `serve'
  actionpack (5.0.1) lib/action_dispatch/journey/router.rb:39:in `block in serve'
  actionpack (5.0.1) lib/action_dispatch/journey/router.rb:26:in `each'
  actionpack (5.0.1) lib/action_dispatch/journey/router.rb:26:in `serve'
  actionpack (5.0.1) lib/action_dispatch/routing/route_set.rb:725:in `call'
  rack (2.0.1) lib/rack/etag.rb:25:in `call'
  rack (2.0.1) lib/rack/conditional_get.rb:38:in `call'
  rack (2.0.1) lib/rack/head.rb:12:in `call'
  rack (2.0.1) lib/rack/session/abstract/id.rb:222:in `context'
  rack (2.0.1) lib/rack/session/abstract/id.rb:216:in `call'
  actionpack (5.0.1) lib/action_dispatch/middleware/cookies.rb:613:in `call'
  activerecord (5.0.1) lib/active_record/migration.rb:553:in `call'
  actionpack (5.0.1) lib/action_dispatch/middleware/callbacks.rb:38:in `block in call'
  activesupport (5.0.1) lib/active_support/callbacks.rb:97:in `__run_callbacks__'
  activesupport (5.0.1) lib/active_support/callbacks.rb:750:in `_run_call_callbacks'
  activesupport (5.0.1) lib/active_support/callbacks.rb:90:in `run_callbacks'
  actionpack (5.0.1) lib/action_dispatch/middleware/callbacks.rb:36:in `call'
  actionpack (5.0.1) lib/action_dispatch/middleware/executor.rb:12:in `call'
  actionpack (5.0.1) lib/action_dispatch/middleware/remote_ip.rb:79:in `call'
  better_errors (2.1.1) lib/better_errors/middleware.rb:84:in `protected_app_call'
  better_errors (2.1.1) lib/better_errors/middleware.rb:79:in `better_errors_call'
  better_errors (2.1.1) lib/better_errors/middleware.rb:57:in `call'
  actionpack (5.0.1) lib/action_dispatch/middleware/debug_exceptions.rb:49:in `call'
  web-console (3.4.0) lib/web_console/middleware.rb:135:in `call_app'
  web-console (3.4.0) lib/web_console/middleware.rb:28:in `block in call'
  web-console (3.4.0) lib/web_console/middleware.rb:18:in `catch'
  web-console (3.4.0) lib/web_console/middleware.rb:18:in `call'
  actionpack (5.0.1) lib/action_dispatch/middleware/show_exceptions.rb:31:in `call'
  railties (5.0.1) lib/rails/rack/logger.rb:36:in `call_app'
  railties (5.0.1) lib/rails/rack/logger.rb:24:in `block in call'
  activesupport (5.0.1) lib/active_support/tagged_logging.rb:69:in `block in tagged'
  activesupport (5.0.1) lib/active_support/tagged_logging.rb:26:in `tagged'
  activesupport (5.0.1) lib/active_support/tagged_logging.rb:69:in `tagged'
  railties (5.0.1) lib/rails/rack/logger.rb:24:in `call'
  sprockets-rails (3.2.0) lib/sprockets/rails/quiet_assets.rb:13:in `call'
  actionpack (5.0.1) lib/action_dispatch/middleware/request_id.rb:24:in `call'
  rack (2.0.1) lib/rack/method_override.rb:22:in `call'
  rack (2.0.1) lib/rack/runtime.rb:22:in `call'
  activesupport (5.0.1) lib/active_support/cache/strategy/local_cache_middleware.rb:28:in `call'
  actionpack (5.0.1) lib/action_dispatch/middleware/executor.rb:12:in `call'
  actionpack (5.0.1) lib/action_dispatch/middleware/static.rb:136:in `call'
  rack (2.0.1) lib/rack/sendfile.rb:111:in `call'
  railties (5.0.1) lib/rails/engine.rb:522:in `call'
  puma (3.6.2) lib/puma/configuration.rb:225:in `call'
  puma (3.6.2) lib/puma/server.rb:578:in `handle_request'
  puma (3.6.2) lib/puma/server.rb:415:in `process_client'
  puma (3.6.2) lib/puma/server.rb:275:in `block in run'
  puma (3.6.2) lib/puma/thread_pool.rb:116:in `block in spawn_thread'

Started GET "/" for 127.0.0.1 at 2017-01-10 11:13:00 -0800
Processing by StaticPagesController#root as HTML
  Rendering static_pages/root.html.erb within layouts/application
  [1m[36mUser Load (0.4ms)[0m  [1m[34mSELECT  "users".* FROM "users" WHERE "users"."session_token" IS NULL LIMIT $1[0m  [["LIMIT", 1]]
  Rendered static_pages/root.html.erb within layouts/application (8.7ms)
Completed 200 OK in 48ms (Views: 47.1ms | ActiveRecord: 0.4ms)


Started POST "/api/users" for 127.0.0.1 at 2017-01-10 11:13:09 -0800
Processing by Api::UsersController#create as JSON
  Parameters: {"user"=>{"username"=>"mike", "password"=>"[FILTERED]"}}
  [1m[35m (0.3ms)[0m  [1m[35mBEGIN[0m
  [1m[35mSQL (0.7ms)[0m  [1m[32mINSERT INTO "users" ("username", "password_digest", "session_token", "created_at", "updated_at") VALUES ($1, $2, $3, $4, $5) RETURNING "id"[0m  [["username", "mike"], ["password_digest", "$2a$10$dyg0.lmh620KsYFK3gdDDOuuLJ1ZJxMF1m6e8YV/61qLQag7swXgO"], ["session_token", "JxcCMG3wVlbpWq9g8WuAgQ"], ["created_at", 2017-01-10 19:13:09 UTC], ["updated_at", 2017-01-10 19:13:09 UTC]]
  [1m[35m (1.6ms)[0m  [1m[35mCOMMIT[0m
  Rendering api/users/show.json.jbuilder
  Rendered api/users/_user.json.jbuilder (0.2ms)
  Rendered api/users/show.json.jbuilder (3.4ms)
Completed 200 OK in 94ms (Views: 5.5ms | ActiveRecord: 5.9ms)


Started DELETE "/api/session" for 127.0.0.1 at 2017-01-10 11:13:10 -0800
Processing by Api::SessionsController#destroy as JSON
  [1m[36mUser Load (0.8ms)[0m  [1m[34mSELECT  "users".* FROM "users" WHERE "users"."session_token" = $1 LIMIT $2[0m  [["session_token", "JxcCMG3wVlbpWq9g8WuAgQ"], ["LIMIT", 1]]
  [1m[36mCACHE (0.0ms)[0m  [1m[34mSELECT  "users".* FROM "users" WHERE "users"."session_token" = $1 LIMIT $2[0m  [["session_token", "JxcCMG3wVlbpWq9g8WuAgQ"], ["LIMIT", 1]]
  [1m[35m (0.1ms)[0m  [1m[35mBEGIN[0m
  [1m[35mSQL (0.4ms)[0m  [1m[33mUPDATE "users" SET "session_token" = $1, "updated_at" = $2 WHERE "users"."id" = $3[0m  [["session_token", "Y1uSsG0dEwzaspzLyQkQlQ"], ["updated_at", 2017-01-10 19:13:10 UTC], ["id", 1]]
  [1m[35m (1.4ms)[0m  [1m[35mCOMMIT[0m
Completed 200 OK in 15ms (Views: 0.3ms | ActiveRecord: 3.0ms)


Started POST "/api/session" for 127.0.0.1 at 2017-01-10 11:13:16 -0800
Processing by Api::SessionsController#create as JSON
  Parameters: {"user"=>{"username"=>"mike", "password"=>"[FILTERED]"}}
  [1m[36mUser Load (1.4ms)[0m  [1m[34mSELECT  "users".* FROM "users" WHERE "users"."username" = $1 LIMIT $2[0m  [["username", "mike"], ["LIMIT", 1]]
  Rendering api/sessions/show.json.jbuilder
  Rendered api/sessions/_user.json.jbuilder (0.5ms)
  Rendered api/sessions/show.json.jbuilder (1.4ms)
Completed 200 OK in 105ms (Views: 3.2ms | ActiveRecord: 1.4ms)


Started DELETE "/api/session" for 127.0.0.1 at 2017-01-10 11:13:17 -0800
Processing by Api::SessionsController#destroy as JSON
  [1m[36mUser Load (5.0ms)[0m  [1m[34mSELECT  "users".* FROM "users" WHERE "users"."session_token" = $1 LIMIT $2[0m  [["session_token", "Y1uSsG0dEwzaspzLyQkQlQ"], ["LIMIT", 1]]
  [1m[36mCACHE (0.0ms)[0m  [1m[34mSELECT  "users".* FROM "users" WHERE "users"."session_token" = $1 LIMIT $2[0m  [["session_token", "Y1uSsG0dEwzaspzLyQkQlQ"], ["LIMIT", 1]]
  [1m[35m (0.3ms)[0m  [1m[35mBEGIN[0m
  [1m[35mSQL (1.0ms)[0m  [1m[33mUPDATE "users" SET "session_token" = $1, "updated_at" = $2 WHERE "users"."id" = $3[0m  [["session_token", "YOY55rx4-Y7Uw5u1x7OUdQ"], ["updated_at", 2017-01-10 19:13:17 UTC], ["id", 1]]
  [1m[35m (5.3ms)[0m  [1m[35mCOMMIT[0m
Completed 200 OK in 21ms (Views: 0.4ms | ActiveRecord: 11.6ms)


Started POST "/api/session" for 127.0.0.1 at 2017-01-10 11:16:53 -0800
Processing by Api::SessionsController#create as JSON
  Parameters: {"user"=>{"username"=>"mike", "password"=>"[FILTERED]"}}
  [1m[36mUser Load (0.4ms)[0m  [1m[34mSELECT  "users".* FROM "users" WHERE "users"."username" = $1 LIMIT $2[0m  [["username", "mike"], ["LIMIT", 1]]
  Rendering api/sessions/show.json.jbuilder
  Rendered api/sessions/_user.json.jbuilder (0.3ms)
  Rendered api/sessions/show.json.jbuilder (3.1ms)
Completed 200 OK in 90ms (Views: 5.0ms | ActiveRecord: 2.0ms)


Started DELETE "/api/session" for 127.0.0.1 at 2017-01-10 11:16:55 -0800
Processing by Api::SessionsController#destroy as JSON
  [1m[36mUser Load (0.6ms)[0m  [1m[34mSELECT  "users".* FROM "users" WHERE "users"."session_token" = $1 LIMIT $2[0m  [["session_token", "YOY55rx4-Y7Uw5u1x7OUdQ"], ["LIMIT", 1]]
  [1m[36mCACHE (0.0ms)[0m  [1m[34mSELECT  "users".* FROM "users" WHERE "users"."session_token" = $1 LIMIT $2[0m  [["session_token", "YOY55rx4-Y7Uw5u1x7OUdQ"], ["LIMIT", 1]]
  [1m[35m (0.3ms)[0m  [1m[35mBEGIN[0m
  [1m[35mSQL (0.6ms)[0m  [1m[33mUPDATE "users" SET "session_token" = $1, "updated_at" = $2 WHERE "users"."id" = $3[0m  [["session_token", "qGVV1ss_xAAciV2EN8Suvw"], ["updated_at", 2017-01-10 19:16:55 UTC], ["id", 1]]
  [1m[35m (4.4ms)[0m  [1m[35mCOMMIT[0m
Completed 200 OK in 17ms (Views: 0.4ms | ActiveRecord: 6.2ms)


Started POST "/api/users" for 127.0.0.1 at 2017-01-10 11:17:04 -0800
Processing by Api::UsersController#create as JSON
  Parameters: {"user"=>{"username"=>"newUser", "password"=>"[FILTERED]"}}
  [1m[35m (0.2ms)[0m  [1m[35mBEGIN[0m
  [1m[35m (0.2ms)[0m  [1m[31mROLLBACK[0m
Completed 422 Unprocessable Entity in 98ms (Views: 0.2ms | ActiveRecord: 0.5ms)


Started POST "/api/users" for 127.0.0.1 at 2017-01-10 11:17:09 -0800
Processing by Api::UsersController#create as JSON
  Parameters: {"user"=>{"username"=>"newUser", "password"=>"[FILTERED]"}}
  [1m[35m (0.2ms)[0m  [1m[35mBEGIN[0m
  [1m[35mSQL (0.5ms)[0m  [1m[32mINSERT INTO "users" ("username", "password_digest", "session_token", "created_at", "updated_at") VALUES ($1, $2, $3, $4, $5) RETURNING "id"[0m  [["username", "newUser"], ["password_digest", "$2a$10$2V6EdlXCFKxK1efD5Kjfte3tAG9o48vcZavuP6MIhRxSBl9j8FBfm"], ["session_token", "z0bQJqXzKOER0Ja2YvyYPw"], ["created_at", 2017-01-10 19:17:09 UTC], ["updated_at", 2017-01-10 19:17:09 UTC]]
  [1m[35m (5.2ms)[0m  [1m[35mCOMMIT[0m
  Rendering api/users/show.json.jbuilder
  Rendered api/users/_user.json.jbuilder (0.3ms)
  Rendered api/users/show.json.jbuilder (1.0ms)
Completed 200 OK in 96ms (Views: 2.7ms | ActiveRecord: 5.9ms)


Started DELETE "/api/session" for 127.0.0.1 at 2017-01-10 11:17:10 -0800
Processing by Api::SessionsController#destroy as JSON
  [1m[36mUser Load (0.7ms)[0m  [1m[34mSELECT  "users".* FROM "users" WHERE "users"."session_token" = $1 LIMIT $2[0m  [["session_token", "z0bQJqXzKOER0Ja2YvyYPw"], ["LIMIT", 1]]
  [1m[36mCACHE (0.0ms)[0m  [1m[34mSELECT  "users".* FROM "users" WHERE "users"."session_token" = $1 LIMIT $2[0m  [["session_token", "z0bQJqXzKOER0Ja2YvyYPw"], ["LIMIT", 1]]
  [1m[35m (0.1ms)[0m  [1m[35mBEGIN[0m
  [1m[35mSQL (0.5ms)[0m  [1m[33mUPDATE "users" SET "session_token" = $1, "updated_at" = $2 WHERE "users"."id" = $3[0m  [["session_token", "CnoR7aOOt_D_c36wSWfmJQ"], ["updated_at", 2017-01-10 19:17:10 UTC], ["id", 2]]
  [1m[35m (5.0ms)[0m  [1m[35mCOMMIT[0m
Completed 200 OK in 15ms (Views: 0.2ms | ActiveRecord: 6.7ms)


Started POST "/api/session" for 127.0.0.1 at 2017-01-10 11:17:28 -0800
Processing by Api::SessionsController#create as JSON
  Parameters: {"user"=>{"username"=>"newUser", "password"=>"[FILTERED]"}}
  [1m[36mUser Load (0.8ms)[0m  [1m[34mSELECT  "users".* FROM "users" WHERE "users"."username" = $1 LIMIT $2[0m  [["username", "newUser"], ["LIMIT", 1]]
  Rendering api/sessions/show.json.jbuilder
  Rendered api/sessions/_user.json.jbuilder (0.2ms)
  Rendered api/sessions/show.json.jbuilder (1.0ms)
Completed 200 OK in 83ms (Views: 2.4ms | ActiveRecord: 0.8ms)


Started DELETE "/api/session" for 127.0.0.1 at 2017-01-10 11:17:30 -0800
Processing by Api::SessionsController#destroy as JSON
  [1m[36mUser Load (1.1ms)[0m  [1m[34mSELECT  "users".* FROM "users" WHERE "users"."session_token" = $1 LIMIT $2[0m  [["session_token", "CnoR7aOOt_D_c36wSWfmJQ"], ["LIMIT", 1]]
  [1m[36mCACHE (0.1ms)[0m  [1m[34mSELECT  "users".* FROM "users" WHERE "users"."session_token" = $1 LIMIT $2[0m  [["session_token", "CnoR7aOOt_D_c36wSWfmJQ"], ["LIMIT", 1]]
  [1m[35m (0.4ms)[0m  [1m[35mBEGIN[0m
  [1m[35mSQL (1.2ms)[0m  [1m[33mUPDATE "users" SET "session_token" = $1, "updated_at" = $2 WHERE "users"."id" = $3[0m  [["session_token", "aLq99yTrzSqomNVS3Ca3UQ"], ["updated_at", 2017-01-10 19:17:30 UTC], ["id", 2]]
  [1m[35m (5.8ms)[0m  [1m[35mCOMMIT[0m
Completed 200 OK in 22ms (Views: 0.5ms | ActiveRecord: 8.5ms)


Started POST "/api/users" for 127.0.0.1 at 2017-01-10 11:17:39 -0800
Processing by Api::UsersController#create as JSON
  Parameters: {"user"=>{"username"=>"newUser", "password"=>"[FILTERED]"}}
  [1m[35m (0.1ms)[0m  [1m[35mBEGIN[0m
  [1m[35mSQL (0.5ms)[0m  [1m[32mINSERT INTO "users" ("username", "password_digest", "session_token", "created_at", "updated_at") VALUES ($1, $2, $3, $4, $5) RETURNING "id"[0m  [["username", "newUser"], ["password_digest", "$2a$10$oScybAJtfQg6HqAvi6O3KO0RZqGG82ipaXOb2PN9b.fNR2LP6oGL2"], ["session_token", "aQAOEfpagekDjow-f0vgIw"], ["created_at", 2017-01-10 19:17:39 UTC], ["updated_at", 2017-01-10 19:17:39 UTC]]
  [1m[35m (5.0ms)[0m  [1m[35mCOMMIT[0m
  Rendering api/users/show.json.jbuilder
  Rendered api/users/_user.json.jbuilder (0.2ms)
  Rendered api/users/show.json.jbuilder (0.9ms)
Completed 200 OK in 99ms (Views: 2.5ms | ActiveRecord: 5.6ms)


Started DELETE "/api/session" for 127.0.0.1 at 2017-01-10 11:17:40 -0800
Processing by Api::SessionsController#destroy as JSON
  [1m[36mUser Load (1.4ms)[0m  [1m[34mSELECT  "users".* FROM "users" WHERE "users"."session_token" = $1 LIMIT $2[0m  [["session_token", "aQAOEfpagekDjow-f0vgIw"], ["LIMIT", 1]]
  [1m[36mCACHE (0.2ms)[0m  [1m[34mSELECT  "users".* FROM "users" WHERE "users"."session_token" = $1 LIMIT $2[0m  [["session_token", "aQAOEfpagekDjow-f0vgIw"], ["LIMIT", 1]]
  [1m[35m (0.4ms)[0m  [1m[35mBEGIN[0m
  [1m[35mSQL (1.2ms)[0m  [1m[33mUPDATE "users" SET "session_token" = $1, "updated_at" = $2 WHERE "users"."id" = $3[0m  [["session_token", "LQBsr2AljCtPbgrIvczz4w"], ["updated_at", 2017-01-10 19:17:40 UTC], ["id", 3]]
  [1m[35m (5.3ms)[0m  [1m[35mCOMMIT[0m
Completed 200 OK in 24ms (Views: 0.5ms | ActiveRecord: 8.4ms)


Started GET "/" for 127.0.0.1 at 2017-01-10 11:39:12 -0800
Processing by StaticPagesController#root as HTML
  Rendering static_pages/root.html.erb within layouts/application
  [1m[36mUser Load (0.3ms)[0m  [1m[34mSELECT  "users".* FROM "users" WHERE "users"."session_token" IS NULL LIMIT $1[0m  [["LIMIT", 1]]
  Rendered static_pages/root.html.erb within layouts/application (4.5ms)
Completed 200 OK in 33ms (Views: 32.3ms | ActiveRecord: 0.3ms)


  [1m[35m (0.3ms)[0m  [1m[34mSELECT pg_try_advisory_lock(6929235435952734450);[0m
  [1m[36mActiveRecord::SchemaMigration Load (0.5ms)[0m  [1m[34mSELECT "schema_migrations".* FROM "schema_migrations"[0m
Migrating to AddUniqueToUsers (20170110194042)
  [1m[35m (0.2ms)[0m  [1m[35mBEGIN[0m
  [1m[35m (0.2ms)[0m  [1m[31mROLLBACK[0m
  [1m[35m (0.3ms)[0m  [1m[34mSELECT pg_advisory_unlock(6929235435952734450)[0m
  [1m[35m (0.1ms)[0m  [1m[34mSELECT pg_try_advisory_lock(6929235435952734450);[0m
  [1m[36mActiveRecord::SchemaMigration Load (0.3ms)[0m  [1m[34mSELECT "schema_migrations".* FROM "schema_migrations"[0m
Migrating to AddUniqueToUsers (20170110194042)
  [1m[35m (0.1ms)[0m  [1m[35mBEGIN[0m
  [1m[35m (0.3ms)[0m  [1m[35mDROP INDEX  "index_users_on_username"[0m
  [1m[35m (1.3ms)[0m  [1m[35mCREATE UNIQUE INDEX  "index_users_on_username" ON "users"  ("username")[0m
  [1m[35m (0.2ms)[0m  [1m[31mROLLBACK[0m
  [1m[35m (0.3ms)[0m  [1m[34mSELECT pg_advisory_unlock(6929235435952734450)[0m
  [1m[36mActiveRecord::SchemaMigration Load (0.4ms)[0m  [1m[34mSELECT "schema_migrations".* FROM "schema_migrations"[0m
  [1m[35m (0.3ms)[0m  [1m[34mSELECT "ar_internal_metadata"."value" FROM "ar_internal_metadata" WHERE "ar_internal_metadata"."key" = $1[0m  [["key", :environment]]
  [1m[36mActiveRecord::SchemaMigration Load (0.2ms)[0m  [1m[34mSELECT "schema_migrations".* FROM "schema_migrations"[0m
  [1m[35m (0.2ms)[0m  [1m[34mSELECT "ar_internal_metadata"."value" FROM "ar_internal_metadata" WHERE "ar_internal_metadata"."key" = $1[0m  [["key", :environment]]
  [1m[36mActiveRecord::SchemaMigration Load (0.2ms)[0m  [1m[34mSELECT "schema_migrations".* FROM "schema_migrations"[0m
  [1m[35m (0.3ms)[0m  [1m[34mSELECT "ar_internal_metadata"."value" FROM "ar_internal_metadata" WHERE "ar_internal_metadata"."key" = $1[0m  [["key", :environment]]
  [1m[35m (5016.7ms)[0m  [1m[35mDROP DATABASE IF EXISTS "CatSurfing_development"[0m
  [1m[36mActiveRecord::SchemaMigration Load (0.5ms)[0m  [1m[34mSELECT "schema_migrations".* FROM "schema_migrations"[0m
  [1m[35m (0.3ms)[0m  [1m[34mSELECT "ar_internal_metadata"."value" FROM "ar_internal_metadata" WHERE "ar_internal_metadata"."key" = $1[0m  [["key", :environment]]
  [1m[36mActiveRecord::SchemaMigration Load (0.1ms)[0m  [1m[34mSELECT "schema_migrations".* FROM "schema_migrations"[0m
  [1m[35m (0.2ms)[0m  [1m[34mSELECT "ar_internal_metadata"."value" FROM "ar_internal_metadata" WHERE "ar_internal_metadata"."key" = $1[0m  [["key", :environment]]
  [1m[36mActiveRecord::SchemaMigration Load (0.2ms)[0m  [1m[34mSELECT "schema_migrations".* FROM "schema_migrations"[0m
  [1m[35m (0.2ms)[0m  [1m[34mSELECT "ar_internal_metadata"."value" FROM "ar_internal_metadata" WHERE "ar_internal_metadata"."key" = $1[0m  [["key", :environment]]
  [1m[35m (5016.9ms)[0m  [1m[35mDROP DATABASE IF EXISTS "CatSurfing_development"[0m
  [1m[36mActiveRecord::SchemaMigration Load (0.5ms)[0m  [1m[34mSELECT "schema_migrations".* FROM "schema_migrations"[0m
  [1m[35m (0.4ms)[0m  [1m[34mSELECT "ar_internal_metadata"."value" FROM "ar_internal_metadata" WHERE "ar_internal_metadata"."key" = $1[0m  [["key", :environment]]
  [1m[36mActiveRecord::SchemaMigration Load (0.2ms)[0m  [1m[34mSELECT "schema_migrations".* FROM "schema_migrations"[0m
  [1m[35m (0.3ms)[0m  [1m[34mSELECT "ar_internal_metadata"."value" FROM "ar_internal_metadata" WHERE "ar_internal_metadata"."key" = $1[0m  [["key", :environment]]
  [1m[36mActiveRecord::SchemaMigration Load (0.3ms)[0m  [1m[34mSELECT "schema_migrations".* FROM "schema_migrations"[0m
  [1m[35m (0.2ms)[0m  [1m[34mSELECT "ar_internal_metadata"."value" FROM "ar_internal_metadata" WHERE "ar_internal_metadata"."key" = $1[0m  [["key", :environment]]
  [1m[35m (5016.9ms)[0m  [1m[35mDROP DATABASE IF EXISTS "CatSurfing_development"[0m
  [1m[36mActiveRecord::SchemaMigration Load (0.4ms)[0m  [1m[34mSELECT "schema_migrations".* FROM "schema_migrations"[0m
  [1m[35m (0.3ms)[0m  [1m[34mSELECT "ar_internal_metadata"."value" FROM "ar_internal_metadata" WHERE "ar_internal_metadata"."key" = $1[0m  [["key", :environment]]
  [1m[36mActiveRecord::SchemaMigration Load (0.2ms)[0m  [1m[34mSELECT "schema_migrations".* FROM "schema_migrations"[0m
  [1m[35m (0.3ms)[0m  [1m[34mSELECT "ar_internal_metadata"."value" FROM "ar_internal_metadata" WHERE "ar_internal_metadata"."key" = $1[0m  [["key", :environment]]
  [1m[36mActiveRecord::SchemaMigration Load (0.2ms)[0m  [1m[34mSELECT "schema_migrations".* FROM "schema_migrations"[0m
  [1m[35m (0.2ms)[0m  [1m[34mSELECT "ar_internal_metadata"."value" FROM "ar_internal_metadata" WHERE "ar_internal_metadata"."key" = $1[0m  [["key", :environment]]
  [1m[35m (113.8ms)[0m  [1m[35mDROP DATABASE IF EXISTS "CatSurfing_development"[0m
  [1m[35m (116.1ms)[0m  [1m[35mDROP DATABASE IF EXISTS "CatSurfing_test"[0m
  [1m[35m (263.4ms)[0m  [1m[35mCREATE DATABASE "CatSurfing_development" ENCODING = 'unicode'[0m
  [1m[35m (256.6ms)[0m  [1m[35mCREATE DATABASE "CatSurfing_test" ENCODING = 'unicode'[0m
  [1m[35mSQL (0.8ms)[0m  [1m[35mCREATE EXTENSION IF NOT EXISTS "plpgsql"[0m
  [1m[35m (14.5ms)[0m  [1m[35mCREATE TABLE "bookings" ("id" serial primary key, "cat_id" integer, "host_id" integer, "start" date, "end" date, "created_at" timestamp NOT NULL, "updated_at" timestamp NOT NULL)[0m
  [1m[35m (8.3ms)[0m  [1m[35mCREATE  INDEX  "index_bookings_on_cat_id" ON "bookings" USING btree ("cat_id")[0m
  [1m[35m (8.3ms)[0m  [1m[35mCREATE  INDEX  "index_bookings_on_host_id" ON "bookings" USING btree ("host_id")[0m
  [1m[35m (16.1ms)[0m  [1m[35mCREATE TABLE "cats" ("id" serial primary key, "user_id" integer, "name" character varying, "description" text, "created_at" timestamp NOT NULL, "updated_at" timestamp NOT NULL)[0m
  [1m[35m (5.6ms)[0m  [1m[35mCREATE  INDEX  "index_cats_on_user_id" ON "cats" USING btree ("user_id")[0m
  [1m[35m (12.7ms)[0m  [1m[35mCREATE TABLE "reviews" ("id" serial primary key, "user_id" integer, "host_id" integer, "rating" integer, "review" text, "created_at" timestamp NOT NULL, "updated_at" timestamp NOT NULL)[0m
  [1m[35m (6.2ms)[0m  [1m[35mCREATE  INDEX  "index_reviews_on_host_id" ON "reviews" USING btree ("host_id")[0m
  [1m[35m (8.7ms)[0m  [1m[35mCREATE  INDEX  "index_reviews_on_user_id" ON "reviews" USING btree ("user_id")[0m
  [1m[35m (16.6ms)[0m  [1m[35mCREATE TABLE "users" ("id" serial primary key, "username" character varying, "password_digest" character varying, "session_token" character varying, "email" character varying, "address" character varying, "city" character varying, "state" character varying, "zip" integer, "status" character varying, "age" integer, "sex" character varying, "profile" text, "created_at" timestamp NOT NULL, "updated_at" timestamp NOT NULL)[0m
  [1m[35m (9.5ms)[0m  [1m[35mCREATE  INDEX  "index_users_on_email" ON "users" USING btree ("email")[0m
  [1m[35m (5.8ms)[0m  [1m[35mCREATE  INDEX  "index_users_on_session_token" ON "users" USING btree ("session_token")[0m
  [1m[35m (5.3ms)[0m  [1m[35mCREATE  INDEX  "index_users_on_username" ON "users" USING btree ("username")[0m
  [1m[35m (10.4ms)[0m  [1m[35mCREATE TABLE "schema_migrations" ("version" character varying PRIMARY KEY)[0m
  [1m[35m (1.1ms)[0m  [1m[34mSELECT version FROM "schema_migrations"[0m
  [1m[35m (2.5ms)[0m  [1m[32mINSERT INTO "schema_migrations" (version) VALUES ('20170110181526')[0m
  [1m[35m (2.9ms)[0m  [1m[32mINSERT INTO schema_migrations (version) VALUES
('20170110181505'),
('20170110181235'),
('20170110181445');

[0m
  [1m[35m (17.5ms)[0m  [1m[35mCREATE TABLE "ar_internal_metadata" ("key" character varying PRIMARY KEY, "value" character varying, "created_at" timestamp NOT NULL, "updated_at" timestamp NOT NULL)[0m
  [1m[36mActiveRecord::InternalMetadata Load (1.0ms)[0m  [1m[34mSELECT  "ar_internal_metadata".* FROM "ar_internal_metadata" WHERE "ar_internal_metadata"."key" = $1 LIMIT $2[0m  [["key", :environment], ["LIMIT", 1]]
  [1m[35m (0.5ms)[0m  [1m[35mBEGIN[0m
  [1m[35mSQL (0.7ms)[0m  [1m[32mINSERT INTO "ar_internal_metadata" ("key", "value", "created_at", "updated_at") VALUES ($1, $2, $3, $4) RETURNING "key"[0m  [["key", "environment"], ["value", "development"], ["created_at", 2017-01-10 19:43:46 UTC], ["updated_at", 2017-01-10 19:43:46 UTC]]
  [1m[35m (2.6ms)[0m  [1m[35mCOMMIT[0m
  [1m[36mActiveRecord::InternalMetadata Load (0.5ms)[0m  [1m[34mSELECT  "ar_internal_metadata".* FROM "ar_internal_metadata" WHERE "ar_internal_metadata"."key" = $1 LIMIT $2[0m  [["key", :environment], ["LIMIT", 1]]
  [1m[35m (0.2ms)[0m  [1m[35mBEGIN[0m
  [1m[35m (0.3ms)[0m  [1m[35mCOMMIT[0m
  [1m[35mSQL (0.2ms)[0m  [1m[35mCREATE EXTENSION IF NOT EXISTS "plpgsql"[0m
  [1m[35m (7.2ms)[0m  [1m[35mCREATE TABLE "bookings" ("id" serial primary key, "cat_id" integer, "host_id" integer, "start" date, "end" date, "created_at" timestamp NOT NULL, "updated_at" timestamp NOT NULL)[0m
  [1m[35m (4.3ms)[0m  [1m[35mCREATE  INDEX  "index_bookings_on_cat_id" ON "bookings" USING btree ("cat_id")[0m
  [1m[35m (4.2ms)[0m  [1m[35mCREATE  INDEX  "index_bookings_on_host_id" ON "bookings" USING btree ("host_id")[0m
  [1m[35m (10.4ms)[0m  [1m[35mCREATE TABLE "cats" ("id" serial primary key, "user_id" integer, "name" character varying, "description" text, "created_at" timestamp NOT NULL, "updated_at" timestamp NOT NULL)[0m
  [1m[35m (7.0ms)[0m  [1m[35mCREATE  INDEX  "index_cats_on_user_id" ON "cats" USING btree ("user_id")[0m
  [1m[35m (17.2ms)[0m  [1m[35mCREATE TABLE "reviews" ("id" serial primary key, "user_id" integer, "host_id" integer, "rating" integer, "review" text, "created_at" timestamp NOT NULL, "updated_at" timestamp NOT NULL)[0m
  [1m[35m (5.4ms)[0m  [1m[35mCREATE  INDEX  "index_reviews_on_host_id" ON "reviews" USING btree ("host_id")[0m
  [1m[35m (5.5ms)[0m  [1m[35mCREATE  INDEX  "index_reviews_on_user_id" ON "reviews" USING btree ("user_id")[0m
  [1m[35m (11.7ms)[0m  [1m[35mCREATE TABLE "users" ("id" serial primary key, "username" character varying, "password_digest" character varying, "session_token" character varying, "email" character varying, "address" character varying, "city" character varying, "state" character varying, "zip" integer, "status" character varying, "age" integer, "sex" character varying, "profile" text, "created_at" timestamp NOT NULL, "updated_at" timestamp NOT NULL)[0m
  [1m[35m (8.5ms)[0m  [1m[35mCREATE  INDEX  "index_users_on_email" ON "users" USING btree ("email")[0m
  [1m[35m (8.6ms)[0m  [1m[35mCREATE  INDEX  "index_users_on_session_token" ON "users" USING btree ("session_token")[0m
  [1m[35m (8.3ms)[0m  [1m[35mCREATE  INDEX  "index_users_on_username" ON "users" USING btree ("username")[0m
  [1m[35m (13.1ms)[0m  [1m[35mCREATE TABLE "schema_migrations" ("version" character varying PRIMARY KEY)[0m
  [1m[35m (0.9ms)[0m  [1m[34mSELECT version FROM "schema_migrations"[0m
  [1m[35m (2.1ms)[0m  [1m[32mINSERT INTO "schema_migrations" (version) VALUES ('20170110181526')[0m
  [1m[35m (2.0ms)[0m  [1m[32mINSERT INTO schema_migrations (version) VALUES
('20170110181505'),
('20170110181235'),
('20170110181445');

[0m
  [1m[35m (10.4ms)[0m  [1m[35mCREATE TABLE "ar_internal_metadata" ("key" character varying PRIMARY KEY, "value" character varying, "created_at" timestamp NOT NULL, "updated_at" timestamp NOT NULL)[0m
  [1m[36mActiveRecord::InternalMetadata Load (0.8ms)[0m  [1m[34mSELECT  "ar_internal_metadata".* FROM "ar_internal_metadata" WHERE "ar_internal_metadata"."key" = $1 LIMIT $2[0m  [["key", :environment], ["LIMIT", 1]]
  [1m[35m (0.3ms)[0m  [1m[35mBEGIN[0m
  [1m[35mSQL (1.1ms)[0m  [1m[32mINSERT INTO "ar_internal_metadata" ("key", "value", "created_at", "updated_at") VALUES ($1, $2, $3, $4) RETURNING "key"[0m  [["key", "environment"], ["value", "development"], ["created_at", 2017-01-10 19:43:46 UTC], ["updated_at", 2017-01-10 19:43:46 UTC]]
  [1m[35m (1.6ms)[0m  [1m[35mCOMMIT[0m
  [1m[36mActiveRecord::InternalMetadata Load (0.6ms)[0m  [1m[34mSELECT  "ar_internal_metadata".* FROM "ar_internal_metadata" WHERE "ar_internal_metadata"."key" = $1 LIMIT $2[0m  [["key", :environment], ["LIMIT", 1]]
  [1m[35m (0.3ms)[0m  [1m[35mBEGIN[0m
  [1m[35m (0.3ms)[0m  [1m[35mCOMMIT[0m
  [1m[36mActiveRecord::SchemaMigration Load (0.3ms)[0m  [1m[34mSELECT "schema_migrations".* FROM "schema_migrations"[0m
  [1m[35m (0.2ms)[0m  [1m[34mSELECT pg_try_advisory_lock(6929235435952734450);[0m
  [1m[36mActiveRecord::SchemaMigration Load (0.4ms)[0m  [1m[34mSELECT "schema_migrations".* FROM "schema_migrations"[0m
Migrating to AddUniqueToUsers (20170110194042)
  [1m[35m (0.1ms)[0m  [1m[35mBEGIN[0m
  [1m[35m (0.3ms)[0m  [1m[35mDROP INDEX  "index_users_on_username"[0m
  [1m[35m (7.8ms)[0m  [1m[35mCREATE UNIQUE INDEX  "index_users_on_username" ON "users"  ("username")[0m
  [1m[35mSQL (0.4ms)[0m  [1m[32mINSERT INTO "schema_migrations" ("version") VALUES ($1) RETURNING "version"[0m  [["version", "20170110194042"]]
  [1m[35m (2.9ms)[0m  [1m[35mCOMMIT[0m
  [1m[36mActiveRecord::InternalMetadata Load (0.5ms)[0m  [1m[34mSELECT  "ar_internal_metadata".* FROM "ar_internal_metadata" WHERE "ar_internal_metadata"."key" = $1 LIMIT $2[0m  [["key", :environment], ["LIMIT", 1]]
  [1m[35m (0.2ms)[0m  [1m[35mBEGIN[0m
  [1m[35m (0.2ms)[0m  [1m[35mCOMMIT[0m
  [1m[35m (0.3ms)[0m  [1m[34mSELECT pg_advisory_unlock(6929235435952734450)[0m
  [1m[36mActiveRecord::SchemaMigration Load (0.3ms)[0m  [1m[34mSELECT "schema_migrations".* FROM "schema_migrations"[0m
Started GET "/" for 127.0.0.1 at 2017-01-10 11:45:40 -0800
  [1m[36mActiveRecord::SchemaMigration Load (0.5ms)[0m  [1m[34mSELECT "schema_migrations".* FROM "schema_migrations"[0m
Processing by StaticPagesController#root as HTML
  Rendering static_pages/root.html.erb within layouts/application
  Rendered static_pages/root.html.erb within layouts/application (12.1ms)
Completed 500 Internal Server Error in 16ms (ActiveRecord: 0.0ms)


DEPRECATION WARNING: #original_exception is deprecated. Use #cause instead. (called from initialize at /home/michael/.rbenv/versions/2.3.1/lib/ruby/gems/2.3.0/gems/better_errors-2.1.1/lib/better_errors/raised_exception.rb:7)
DEPRECATION WARNING: #original_exception is deprecated. Use #cause instead. (called from initialize at /home/michael/.rbenv/versions/2.3.1/lib/ruby/gems/2.3.0/gems/better_errors-2.1.1/lib/better_errors/raised_exception.rb:8)

ArgumentError - Unknown validator: 'UniqunessValidator':
  activemodel (5.0.1) lib/active_model/validations/validates.rb:120:in `rescue in block in validates'
  activemodel (5.0.1) lib/active_model/validations/validates.rb:117:in `block in validates'
  activemodel (5.0.1) lib/active_model/validations/validates.rb:113:in `each'
  activemodel (5.0.1) lib/active_model/validations/validates.rb:113:in `validates'
  app/models/user.rb:3:in `<class:User>'
  app/models/user.rb:1:in `<top (required)>'
  activesupport (5.0.1) lib/active_support/dependencies.rb:477:in `load'
  activesupport (5.0.1) lib/active_support/dependencies.rb:477:in `block in load_file'
  activesupport (5.0.1) lib/active_support/dependencies.rb:662:in `new_constants_in'
  activesupport (5.0.1) lib/active_support/dependencies.rb:476:in `load_file'
  activesupport (5.0.1) lib/active_support/dependencies.rb:375:in `block in require_or_load'
  activesupport (5.0.1) lib/active_support/dependencies.rb:37:in `block in load_interlock'
  activesupport (5.0.1) lib/active_support/dependencies/interlock.rb:12:in `block in loading'
  activesupport (5.0.1) lib/active_support/concurrency/share_lock.rb:150:in `exclusive'
  activesupport (5.0.1) lib/active_support/dependencies/interlock.rb:11:in `loading'
  activesupport (5.0.1) lib/active_support/dependencies.rb:37:in `load_interlock'
  activesupport (5.0.1) lib/active_support/dependencies.rb:358:in `require_or_load'
  activesupport (5.0.1) lib/active_support/dependencies.rb:511:in `load_missing_constant'
  activesupport (5.0.1) lib/active_support/dependencies.rb:203:in `const_missing'
  activesupport (5.0.1) lib/active_support/dependencies.rb:543:in `load_missing_constant'
  activesupport (5.0.1) lib/active_support/dependencies.rb:203:in `const_missing'
  app/controllers/application_controller.rb:20:in `current_user'
  app/controllers/application_controller.rb:16:in `logged_in?'
  actionpack (5.0.1) lib/abstract_controller/helpers.rb:68:in `logged_in?'
  app/views/static_pages/root.html.erb:7:in `_app_views_static_pages_root_html_erb__369085146178879260_47103469640820'
  actionview (5.0.1) lib/action_view/template.rb:159:in `block in render'
  activesupport (5.0.1) lib/active_support/notifications.rb:166:in `instrument'
  actionview (5.0.1) lib/action_view/template.rb:354:in `instrument'
  actionview (5.0.1) lib/action_view/template.rb:157:in `render'
  actionview (5.0.1) lib/action_view/renderer/template_renderer.rb:54:in `block (2 levels) in render_template'
  actionview (5.0.1) lib/action_view/renderer/abstract_renderer.rb:42:in `block in instrument'
  activesupport (5.0.1) lib/active_support/notifications.rb:164:in `block in instrument'
  activesupport (5.0.1) lib/active_support/notifications/instrumenter.rb:21:in `instrument'
  activesupport (5.0.1) lib/active_support/notifications.rb:164:in `instrument'
  actionview (5.0.1) lib/action_view/renderer/abstract_renderer.rb:41:in `instrument'
  actionview (5.0.1) lib/action_view/renderer/template_renderer.rb:53:in `block in render_template'
  actionview (5.0.1) lib/action_view/renderer/template_renderer.rb:61:in `render_with_layout'
  actionview (5.0.1) lib/action_view/renderer/template_renderer.rb:52:in `render_template'
  actionview (5.0.1) lib/action_view/renderer/template_renderer.rb:14:in `render'
  actionview (5.0.1) lib/action_view/renderer/renderer.rb:42:in `render_template'
  actionview (5.0.1) lib/action_view/renderer/renderer.rb:23:in `render'
  actionview (5.0.1) lib/action_view/rendering.rb:103:in `_render_template'
  actionpack (5.0.1) lib/action_controller/metal/streaming.rb:217:in `_render_template'
  actionview (5.0.1) lib/action_view/rendering.rb:83:in `render_to_body'
  actionpack (5.0.1) lib/action_controller/metal/rendering.rb:52:in `render_to_body'
  actionpack (5.0.1) lib/action_controller/metal/renderers.rb:142:in `render_to_body'
  actionpack (5.0.1) lib/abstract_controller/rendering.rb:26:in `render'
  actionpack (5.0.1) lib/action_controller/metal/rendering.rb:36:in `render'
  actionpack (5.0.1) lib/action_controller/metal/instrumentation.rb:44:in `block (2 levels) in render'
  activesupport (5.0.1) lib/active_support/core_ext/benchmark.rb:12:in `block in ms'
  /home/michael/.rbenv/versions/2.3.1/lib/ruby/2.3.0/benchmark.rb:308:in `realtime'
  activesupport (5.0.1) lib/active_support/core_ext/benchmark.rb:12:in `ms'
  actionpack (5.0.1) lib/action_controller/metal/instrumentation.rb:44:in `block in render'
  actionpack (5.0.1) lib/action_controller/metal/instrumentation.rb:87:in `cleanup_view_runtime'
  activerecord (5.0.1) lib/active_record/railties/controller_runtime.rb:25:in `cleanup_view_runtime'
  actionpack (5.0.1) lib/action_controller/metal/instrumentation.rb:43:in `render'
  app/controllers/static_pages_controller.rb:3:in `root'
  actionpack (5.0.1) lib/action_controller/metal/basic_implicit_render.rb:4:in `send_action'
  actionpack (5.0.1) lib/abstract_controller/base.rb:188:in `process_action'
  actionpack (5.0.1) lib/action_controller/metal/rendering.rb:30:in `process_action'
  actionpack (5.0.1) lib/abstract_controller/callbacks.rb:20:in `block in process_action'
  activesupport (5.0.1) lib/active_support/callbacks.rb:126:in `call'
  activesupport (5.0.1) lib/active_support/callbacks.rb:506:in `block (2 levels) in compile'
  activesupport (5.0.1) lib/active_support/callbacks.rb:455:in `call'
  activesupport (5.0.1) lib/active_support/callbacks.rb:101:in `__run_callbacks__'
  activesupport (5.0.1) lib/active_support/callbacks.rb:750:in `_run_process_action_callbacks'
  activesupport (5.0.1) lib/active_support/callbacks.rb:90:in `run_callbacks'
  actionpack (5.0.1) lib/abstract_controller/callbacks.rb:19:in `process_action'
  actionpack (5.0.1) lib/action_controller/metal/rescue.rb:20:in `process_action'
  actionpack (5.0.1) lib/action_controller/metal/instrumentation.rb:32:in `block in process_action'
  activesupport (5.0.1) lib/active_support/notifications.rb:164:in `block in instrument'
  activesupport (5.0.1) lib/active_support/notifications/instrumenter.rb:21:in `instrument'
  activesupport (5.0.1) lib/active_support/notifications.rb:164:in `instrument'
  actionpack (5.0.1) lib/action_controller/metal/instrumentation.rb:30:in `process_action'
  actionpack (5.0.1) lib/action_controller/metal/params_wrapper.rb:248:in `process_action'
  activerecord (5.0.1) lib/active_record/railties/controller_runtime.rb:18:in `process_action'
  actionpack (5.0.1) lib/abstract_controller/base.rb:126:in `process'
  actionview (5.0.1) lib/action_view/rendering.rb:30:in `process'
  actionpack (5.0.1) lib/action_controller/metal.rb:190:in `dispatch'
  actionpack (5.0.1) lib/action_controller/metal.rb:262:in `dispatch'
  actionpack (5.0.1) lib/action_dispatch/routing/route_set.rb:50:in `dispatch'
  actionpack (5.0.1) lib/action_dispatch/routing/route_set.rb:32:in `serve'
  actionpack (5.0.1) lib/action_dispatch/journey/router.rb:39:in `block in serve'
  actionpack (5.0.1) lib/action_dispatch/journey/router.rb:26:in `each'
  actionpack (5.0.1) lib/action_dispatch/journey/router.rb:26:in `serve'
  actionpack (5.0.1) lib/action_dispatch/routing/route_set.rb:725:in `call'
  rack (2.0.1) lib/rack/etag.rb:25:in `call'
  rack (2.0.1) lib/rack/conditional_get.rb:25:in `call'
  rack (2.0.1) lib/rack/head.rb:12:in `call'
  rack (2.0.1) lib/rack/session/abstract/id.rb:222:in `context'
  rack (2.0.1) lib/rack/session/abstract/id.rb:216:in `call'
  actionpack (5.0.1) lib/action_dispatch/middleware/cookies.rb:613:in `call'
  activerecord (5.0.1) lib/active_record/migration.rb:553:in `call'
  actionpack (5.0.1) lib/action_dispatch/middleware/callbacks.rb:38:in `block in call'
  activesupport (5.0.1) lib/active_support/callbacks.rb:97:in `__run_callbacks__'
  activesupport (5.0.1) lib/active_support/callbacks.rb:750:in `_run_call_callbacks'
  activesupport (5.0.1) lib/active_support/callbacks.rb:90:in `run_callbacks'
  actionpack (5.0.1) lib/action_dispatch/middleware/callbacks.rb:36:in `call'
  actionpack (5.0.1) lib/action_dispatch/middleware/executor.rb:12:in `call'
  actionpack (5.0.1) lib/action_dispatch/middleware/remote_ip.rb:79:in `call'
  better_errors (2.1.1) lib/better_errors/middleware.rb:84:in `protected_app_call'
  better_errors (2.1.1) lib/better_errors/middleware.rb:79:in `better_errors_call'
  better_errors (2.1.1) lib/better_errors/middleware.rb:57:in `call'
  actionpack (5.0.1) lib/action_dispatch/middleware/debug_exceptions.rb:49:in `call'
  web-console (3.4.0) lib/web_console/middleware.rb:135:in `call_app'
  web-console (3.4.0) lib/web_console/middleware.rb:28:in `block in call'
  web-console (3.4.0) lib/web_console/middleware.rb:18:in `catch'
  web-console (3.4.0) lib/web_console/middleware.rb:18:in `call'
  actionpack (5.0.1) lib/action_dispatch/middleware/show_exceptions.rb:31:in `call'
  railties (5.0.1) lib/rails/rack/logger.rb:36:in `call_app'
  railties (5.0.1) lib/rails/rack/logger.rb:24:in `block in call'
  activesupport (5.0.1) lib/active_support/tagged_logging.rb:69:in `block in tagged'
  activesupport (5.0.1) lib/active_support/tagged_logging.rb:26:in `tagged'
  activesupport (5.0.1) lib/active_support/tagged_logging.rb:69:in `tagged'
  railties (5.0.1) lib/rails/rack/logger.rb:24:in `call'
  sprockets-rails (3.2.0) lib/sprockets/rails/quiet_assets.rb:13:in `call'
  actionpack (5.0.1) lib/action_dispatch/middleware/request_id.rb:24:in `call'
  rack (2.0.1) lib/rack/method_override.rb:22:in `call'
  rack (2.0.1) lib/rack/runtime.rb:22:in `call'
  activesupport (5.0.1) lib/active_support/cache/strategy/local_cache_middleware.rb:28:in `call'
  actionpack (5.0.1) lib/action_dispatch/middleware/executor.rb:12:in `call'
  actionpack (5.0.1) lib/action_dispatch/middleware/static.rb:136:in `call'
  rack (2.0.1) lib/rack/sendfile.rb:111:in `call'
  railties (5.0.1) lib/rails/engine.rb:522:in `call'
  puma (3.6.2) lib/puma/configuration.rb:225:in `call'
  puma (3.6.2) lib/puma/server.rb:578:in `handle_request'
  puma (3.6.2) lib/puma/server.rb:415:in `process_client'
  puma (3.6.2) lib/puma/server.rb:275:in `block in run'
  puma (3.6.2) lib/puma/thread_pool.rb:116:in `block in spawn_thread'

Started POST "/__better_errors/20e216310377fa57/variables" for 127.0.0.1 at 2017-01-10 11:45:40 -0800
Started POST "/__better_errors/20e216310377fa57/variables" for 127.0.0.1 at 2017-01-10 11:45:54 -0800
Started GET "/" for 127.0.0.1 at 2017-01-10 11:46:43 -0800
Processing by StaticPagesController#root as HTML
  Rendering static_pages/root.html.erb within layouts/application
  [1m[36mUser Load (0.5ms)[0m  [1m[34mSELECT  "users".* FROM "users" WHERE "users"."session_token" IS NULL LIMIT $1[0m  [["LIMIT", 1]]
  Rendered static_pages/root.html.erb within layouts/application (15.7ms)
Completed 200 OK in 278ms (Views: 276.3ms | ActiveRecord: 1.5ms)


Started GET "/" for 127.0.0.1 at 2017-01-10 11:46:59 -0800
Processing by StaticPagesController#root as HTML
  Rendering static_pages/root.html.erb within layouts/application
  [1m[36mUser Load (1.2ms)[0m  [1m[34mSELECT  "users".* FROM "users" WHERE "users"."session_token" IS NULL LIMIT $1[0m  [["LIMIT", 1]]
  Rendered static_pages/root.html.erb within layouts/application (3.6ms)
Completed 200 OK in 21ms (Views: 20.0ms | ActiveRecord: 1.2ms)


Started POST "/api/users" for 127.0.0.1 at 2017-01-10 11:47:06 -0800
Processing by Api::UsersController#create as JSON
  Parameters: {"user"=>{"username"=>"mike", "password"=>"[FILTERED]"}}
  [1m[35m (0.1ms)[0m  [1m[35mBEGIN[0m
  [1m[36mUser Exists (0.9ms)[0m  [1m[34mSELECT  1 AS one FROM "users" WHERE "users"."username" = $1 LIMIT $2[0m  [["username", "mike"], ["LIMIT", 1]]
  [1m[35mSQL (0.6ms)[0m  [1m[32mINSERT INTO "users" ("username", "password_digest", "session_token", "created_at", "updated_at") VALUES ($1, $2, $3, $4, $5) RETURNING "id"[0m  [["username", "mike"], ["password_digest", "$2a$10$RthlNOpJq9doPGZRGaax5e/7AdPSnHu7t5DEcOlSFJFHJ7c9emXCC"], ["session_token", "fkHBHf7um9il8nIGeqc16w"], ["created_at", 2017-01-10 19:47:06 UTC], ["updated_at", 2017-01-10 19:47:06 UTC]]
  [1m[35m (1.4ms)[0m  [1m[35mCOMMIT[0m
  Rendering api/users/show.json.jbuilder
  Rendered api/users/_user.json.jbuilder (0.2ms)
  Rendered api/users/show.json.jbuilder (2.1ms)
Completed 200 OK in 101ms (Views: 4.0ms | ActiveRecord: 6.5ms)


Started DELETE "/api/session" for 127.0.0.1 at 2017-01-10 11:47:07 -0800
Processing by Api::SessionsController#destroy as JSON
  [1m[36mUser Load (0.4ms)[0m  [1m[34mSELECT  "users".* FROM "users" WHERE "users"."session_token" = $1 LIMIT $2[0m  [["session_token", "fkHBHf7um9il8nIGeqc16w"], ["LIMIT", 1]]
  [1m[36mCACHE (0.0ms)[0m  [1m[34mSELECT  "users".* FROM "users" WHERE "users"."session_token" = $1 LIMIT $2[0m  [["session_token", "fkHBHf7um9il8nIGeqc16w"], ["LIMIT", 1]]
  [1m[35m (0.2ms)[0m  [1m[35mBEGIN[0m
  [1m[36mUser Exists (0.5ms)[0m  [1m[34mSELECT  1 AS one FROM "users" WHERE "users"."username" = $1 AND ("users"."id" != $2) LIMIT $3[0m  [["username", "mike"], ["id", 1], ["LIMIT", 1]]
  [1m[35mSQL (0.4ms)[0m  [1m[33mUPDATE "users" SET "session_token" = $1, "updated_at" = $2 WHERE "users"."id" = $3[0m  [["session_token", "8vw_Fgb1Je7MiyConCqc_A"], ["updated_at", 2017-01-10 19:47:07 UTC], ["id", 1]]
  [1m[35m (5.1ms)[0m  [1m[35mCOMMIT[0m
Completed 200 OK in 19ms (Views: 0.2ms | ActiveRecord: 6.9ms)


Started POST "/api/users" for 127.0.0.1 at 2017-01-10 11:47:14 -0800
Processing by Api::UsersController#create as JSON
  Parameters: {"user"=>{"username"=>"mike", "password"=>"[FILTERED]"}}
  [1m[35m (0.2ms)[0m  [1m[35mBEGIN[0m
  [1m[36mUser Exists (0.8ms)[0m  [1m[34mSELECT  1 AS one FROM "users" WHERE "users"."username" = $1 LIMIT $2[0m  [["username", "mike"], ["LIMIT", 1]]
  [1m[35m (0.3ms)[0m  [1m[31mROLLBACK[0m
Completed 422 Unprocessable Entity in 102ms (Views: 0.2ms | ActiveRecord: 1.2ms)


Started POST "/api/users" for 127.0.0.1 at 2017-01-10 11:47:21 -0800
Processing by Api::UsersController#create as JSON
  Parameters: {"user"=>{"username"=>"a", "password"=>"[FILTERED]"}}
  [1m[35m (0.2ms)[0m  [1m[35mBEGIN[0m
  [1m[36mUser Exists (0.5ms)[0m  [1m[34mSELECT  1 AS one FROM "users" WHERE "users"."username" = $1 LIMIT $2[0m  [["username", "a"], ["LIMIT", 1]]
  [1m[35m (0.2ms)[0m  [1m[31mROLLBACK[0m
Completed 422 Unprocessable Entity in 96ms (Views: 0.1ms | ActiveRecord: 1.0ms)


Started POST "/api/users" for 127.0.0.1 at 2017-01-10 11:47:30 -0800
Processing by Api::UsersController#create as JSON
  Parameters: {"user"=>{"username"=>"newUser", "password"=>"[FILTERED]"}}
  [1m[35m (0.2ms)[0m  [1m[35mBEGIN[0m
  [1m[36mUser Exists (0.8ms)[0m  [1m[34mSELECT  1 AS one FROM "users" WHERE "users"."username" = $1 LIMIT $2[0m  [["username", "newUser"], ["LIMIT", 1]]
  [1m[35mSQL (0.4ms)[0m  [1m[32mINSERT INTO "users" ("username", "password_digest", "session_token", "created_at", "updated_at") VALUES ($1, $2, $3, $4, $5) RETURNING "id"[0m  [["username", "newUser"], ["password_digest", "$2a$10$hEFv4IsjFFKVMg3Fz6UGQ.3B3/pKLRZy3PtZLFxdFcH.mBDHSWmU."], ["session_token", "J8hKTxA6vdbK-3BZi9iLPg"], ["created_at", 2017-01-10 19:47:30 UTC], ["updated_at", 2017-01-10 19:47:30 UTC]]
  [1m[35m (5.2ms)[0m  [1m[35mCOMMIT[0m
  Rendering api/users/show.json.jbuilder
  Rendered api/users/_user.json.jbuilder (0.2ms)
  Rendered api/users/show.json.jbuilder (0.9ms)
Completed 200 OK in 107ms (Views: 2.4ms | ActiveRecord: 6.6ms)


Started DELETE "/api/session" for 127.0.0.1 at 2017-01-10 11:47:32 -0800
Processing by Api::SessionsController#destroy as JSON
  [1m[36mUser Load (0.5ms)[0m  [1m[34mSELECT  "users".* FROM "users" WHERE "users"."session_token" = $1 LIMIT $2[0m  [["session_token", "J8hKTxA6vdbK-3BZi9iLPg"], ["LIMIT", 1]]
  [1m[36mCACHE (0.0ms)[0m  [1m[34mSELECT  "users".* FROM "users" WHERE "users"."session_token" = $1 LIMIT $2[0m  [["session_token", "J8hKTxA6vdbK-3BZi9iLPg"], ["LIMIT", 1]]
  [1m[35m (0.2ms)[0m  [1m[35mBEGIN[0m
  [1m[36mUser Exists (0.5ms)[0m  [1m[34mSELECT  1 AS one FROM "users" WHERE "users"."username" = $1 AND ("users"."id" != $2) LIMIT $3[0m  [["username", "newUser"], ["id", 2], ["LIMIT", 1]]
  [1m[35mSQL (0.5ms)[0m  [1m[33mUPDATE "users" SET "session_token" = $1, "updated_at" = $2 WHERE "users"."id" = $3[0m  [["session_token", "8HwbGJ49FbkMUaxzdc5dxw"], ["updated_at", 2017-01-10 19:47:32 UTC], ["id", 2]]
  [1m[35m (4.1ms)[0m  [1m[35mCOMMIT[0m
Completed 200 OK in 18ms (Views: 0.2ms | ActiveRecord: 6.2ms)


Started POST "/api/session" for 127.0.0.1 at 2017-01-10 11:47:44 -0800
Processing by Api::SessionsController#create as JSON
  Parameters: {"user"=>{"username"=>"mike", "password"=>"[FILTERED]"}}
  [1m[36mUser Load (1.5ms)[0m  [1m[34mSELECT  "users".* FROM "users" WHERE "users"."username" = $1 LIMIT $2[0m  [["username", "mike"], ["LIMIT", 1]]
  Rendering api/sessions/show.json.jbuilder
  Rendered api/sessions/_user.json.jbuilder (0.3ms)
  Rendered api/sessions/show.json.jbuilder (1.0ms)
Completed 200 OK in 128ms (Views: 2.8ms | ActiveRecord: 1.5ms)


Started GET "/" for 127.0.0.1 at 2017-01-10 12:02:11 -0800
Processing by StaticPagesController#root as HTML
  Rendering static_pages/root.html.erb within layouts/application
  [1m[36mUser Load (1.5ms)[0m  [1m[34mSELECT  "users".* FROM "users" WHERE "users"."session_token" = $1 LIMIT $2[0m  [["session_token", "8vw_Fgb1Je7MiyConCqc_A"], ["LIMIT", 1]]
  [1m[36mCACHE (0.1ms)[0m  [1m[34mSELECT  "users".* FROM "users" WHERE "users"."session_token" = $1 LIMIT $2[0m  [["session_token", "8vw_Fgb1Je7MiyConCqc_A"], ["LIMIT", 1]]
  Rendered api/users/_user.json.jbuilder (1.6ms)
  Rendered static_pages/root.html.erb within layouts/application (18.5ms)
Completed 200 OK in 362ms (Views: 359.5ms | ActiveRecord: 1.6ms)


Started GET "/" for 127.0.0.1 at 2017-01-10 12:02:55 -0800
Processing by StaticPagesController#root as HTML
  Rendering static_pages/root.html.erb within layouts/application
  [1m[36mUser Load (1.2ms)[0m  [1m[34mSELECT  "users".* FROM "users" WHERE "users"."session_token" = $1 LIMIT $2[0m  [["session_token", "8vw_Fgb1Je7MiyConCqc_A"], ["LIMIT", 1]]
  [1m[36mCACHE (0.1ms)[0m  [1m[34mSELECT  "users".* FROM "users" WHERE "users"."session_token" = $1 LIMIT $2[0m  [["session_token", "8vw_Fgb1Je7MiyConCqc_A"], ["LIMIT", 1]]
  Rendered api/users/_user.json.jbuilder (2.2ms)
  Rendered static_pages/root.html.erb within layouts/application (20.6ms)
Completed 200 OK in 345ms (Views: 341.9ms | ActiveRecord: 2.4ms)


Started GET "/" for 127.0.0.1 at 2017-01-10 12:03:05 -0800
Processing by StaticPagesController#root as HTML
  Rendering static_pages/root.html.erb within layouts/application
  [1m[36mUser Load (1.3ms)[0m  [1m[34mSELECT  "users".* FROM "users" WHERE "users"."session_token" = $1 LIMIT $2[0m  [["session_token", "8vw_Fgb1Je7MiyConCqc_A"], ["LIMIT", 1]]
  [1m[36mCACHE (0.1ms)[0m  [1m[34mSELECT  "users".* FROM "users" WHERE "users"."session_token" = $1 LIMIT $2[0m  [["session_token", "8vw_Fgb1Je7MiyConCqc_A"], ["LIMIT", 1]]
  Rendered api/users/_user.json.jbuilder (2.3ms)
  Rendered static_pages/root.html.erb within layouts/application (21.3ms)
Completed 200 OK in 350ms (Views: 348.3ms | ActiveRecord: 1.4ms)


Started GET "/" for 127.0.0.1 at 2017-01-10 12:03:51 -0800
Processing by StaticPagesController#root as HTML
  Rendering static_pages/root.html.erb within layouts/application
  [1m[36mUser Load (0.4ms)[0m  [1m[34mSELECT  "users".* FROM "users" WHERE "users"."session_token" = $1 LIMIT $2[0m  [["session_token", "8vw_Fgb1Je7MiyConCqc_A"], ["LIMIT", 1]]
  [1m[36mCACHE (0.0ms)[0m  [1m[34mSELECT  "users".* FROM "users" WHERE "users"."session_token" = $1 LIMIT $2[0m  [["session_token", "8vw_Fgb1Je7MiyConCqc_A"], ["LIMIT", 1]]
  Rendered api/users/_user.json.jbuilder (0.8ms)
  Rendered static_pages/root.html.erb within layouts/application (5.4ms)
Completed 200 OK in 323ms (Views: 321.9ms | ActiveRecord: 0.4ms)


Started GET "/" for 127.0.0.1 at 2017-01-10 12:10:43 -0800
Processing by StaticPagesController#root as HTML
  Rendering static_pages/root.html.erb within layouts/application
  [1m[36mUser Load (2.3ms)[0m  [1m[34mSELECT  "users".* FROM "users" WHERE "users"."session_token" = $1 LIMIT $2[0m  [["session_token", "8vw_Fgb1Je7MiyConCqc_A"], ["LIMIT", 1]]
  [1m[36mCACHE (0.1ms)[0m  [1m[34mSELECT  "users".* FROM "users" WHERE "users"."session_token" = $1 LIMIT $2[0m  [["session_token", "8vw_Fgb1Je7MiyConCqc_A"], ["LIMIT", 1]]
  Rendered api/users/_user.json.jbuilder (1.7ms)
  Rendered static_pages/root.html.erb within layouts/application (19.5ms)
Completed 200 OK in 362ms (Views: 359.3ms | ActiveRecord: 2.4ms)


Started GET "/" for 127.0.0.1 at 2017-01-10 12:11:08 -0800
Processing by StaticPagesController#root as HTML
  Rendering static_pages/root.html.erb within layouts/application
  [1m[36mUser Load (1.0ms)[0m  [1m[34mSELECT  "users".* FROM "users" WHERE "users"."session_token" = $1 LIMIT $2[0m  [["session_token", "8vw_Fgb1Je7MiyConCqc_A"], ["LIMIT", 1]]
  [1m[36mCACHE (0.1ms)[0m  [1m[34mSELECT  "users".* FROM "users" WHERE "users"."session_token" = $1 LIMIT $2[0m  [["session_token", "8vw_Fgb1Je7MiyConCqc_A"], ["LIMIT", 1]]
  Rendered api/users/_user.json.jbuilder (1.9ms)
  Rendered static_pages/root.html.erb within layouts/application (16.8ms)
Completed 200 OK in 436ms (Views: 434.2ms | ActiveRecord: 1.1ms)


Started GET "/" for 127.0.0.1 at 2017-01-10 12:11:15 -0800
Processing by StaticPagesController#root as HTML
  Rendering static_pages/root.html.erb within layouts/application
  [1m[36mUser Load (1.4ms)[0m  [1m[34mSELECT  "users".* FROM "users" WHERE "users"."session_token" = $1 LIMIT $2[0m  [["session_token", "8vw_Fgb1Je7MiyConCqc_A"], ["LIMIT", 1]]
  [1m[36mCACHE (0.0ms)[0m  [1m[34mSELECT  "users".* FROM "users" WHERE "users"."session_token" = $1 LIMIT $2[0m  [["session_token", "8vw_Fgb1Je7MiyConCqc_A"], ["LIMIT", 1]]
  Rendered api/users/_user.json.jbuilder (1.1ms)
  Rendered static_pages/root.html.erb within layouts/application (9.0ms)
Completed 200 OK in 36ms (Views: 33.9ms | ActiveRecord: 1.4ms)


Started GET "/" for 127.0.0.1 at 2017-01-10 12:13:44 -0800
Processing by StaticPagesController#root as HTML
  Rendering static_pages/root.html.erb within layouts/application
  [1m[36mUser Load (1.4ms)[0m  [1m[34mSELECT  "users".* FROM "users" WHERE "users"."session_token" = $1 LIMIT $2[0m  [["session_token", "8vw_Fgb1Je7MiyConCqc_A"], ["LIMIT", 1]]
  [1m[36mCACHE (0.0ms)[0m  [1m[34mSELECT  "users".* FROM "users" WHERE "users"."session_token" = $1 LIMIT $2[0m  [["session_token", "8vw_Fgb1Je7MiyConCqc_A"], ["LIMIT", 1]]
  Rendered api/users/_user.json.jbuilder (1.1ms)
  Rendered static_pages/root.html.erb within layouts/application (13.2ms)
Completed 200 OK in 324ms (Views: 321.7ms | ActiveRecord: 1.5ms)


Started GET "/" for 127.0.0.1 at 2017-01-10 12:14:35 -0800
Processing by StaticPagesController#root as HTML
  Rendering static_pages/root.html.erb within layouts/application
  [1m[36mUser Load (1.3ms)[0m  [1m[34mSELECT  "users".* FROM "users" WHERE "users"."session_token" = $1 LIMIT $2[0m  [["session_token", "8vw_Fgb1Je7MiyConCqc_A"], ["LIMIT", 1]]
  [1m[36mCACHE (0.1ms)[0m  [1m[34mSELECT  "users".* FROM "users" WHERE "users"."session_token" = $1 LIMIT $2[0m  [["session_token", "8vw_Fgb1Je7MiyConCqc_A"], ["LIMIT", 1]]
  Rendered api/users/_user.json.jbuilder (1.5ms)
  Rendered static_pages/root.html.erb within layouts/application (13.0ms)
Completed 200 OK in 347ms (Views: 345.2ms | ActiveRecord: 1.3ms)


